<?xml version="1.0" encoding="UTF-8"?>
<testsuite name="com.cajasocial.bancapersonas.app.runners.LoginRunner" tests="0" skipped="0" failures="0" errors="0" timestamp="1970-01-01T00:00:00" hostname="MacBook-Pro-ML-109981.local" time="0.0">
  <properties/>
  <system-out><![CDATA[
?[31mFailed scenarios:?[0m
?[31msrc/test/resources/features/Login/CambiarClave.feature:27 ?[0m# Cambiar la contraseña de un cliente con cédula de ciudadaníay que tiene tarjeta de crédito y tarjeta de débito de forma exitosa

1 Scenarios (?[31m1 failed?[0m)
5 Steps (?[31m1 failed?[0m, ?[36m4 skipped?[0m)
0m2,681s

net.thucydides.core.webdriver.DriverConfigurationError: Could not instantiate class io.appium.java_client.AppiumDriver
	at net.thucydides.core.webdriver.WebDriverFacade.newDriverInstance(WebDriverFacade.java:144)
	at net.thucydides.core.webdriver.WebDriverFacade.newProxyDriver(WebDriverFacade.java:132)
	at net.thucydides.core.webdriver.WebDriverFacade.getProxiedDriver(WebDriverFacade.java:102)
	at net.serenitybdd.core.webdriver.RemoteDriver.of(RemoteDriver.java:13)
	at net.thucydides.core.webdriver.appium.AppiumConfiguration.getTargetPlatform(AppiumConfiguration.java:57)
	at net.thucydides.core.webdriver.ElementLocatorFactorySelector.platformFor(ElementLocatorFactorySelector.java:51)
	at net.thucydides.core.webdriver.ElementLocatorFactorySelector.getLocatorFor(ElementLocatorFactorySelector.java:41)
	at net.thucydides.core.webdriver.ElementLocatorFactorySelector.getLocatorFor(ElementLocatorFactorySelector.java:31)
	at net.thucydides.core.annotations.locators.SmartElementProxyCreator.proxyElements(SmartElementProxyCreator.java:21)
	at net.thucydides.core.webdriver.DefaultPageObjectInitialiser.apply(DefaultPageObjectInitialiser.java:19)
	at net.serenitybdd.core.pages.PageObject.setDriver(PageObject.java:166)
	at net.serenitybdd.core.pages.PageObject.setDriver(PageObject.java:170)
	at net.serenitybdd.core.pages.PageObject.<init>(PageObject.java:154)
	at net.serenitybdd.screenplay.abilities.BrowseTheWeb.<init>(BrowseTheWeb.java:31)
	at net.serenitybdd.screenplay.abilities.BrowseTheWeb.with(BrowseTheWeb.java:47)
	at net.serenitybdd.screenplay.actors.OnlineCast.actorNamed(OnlineCast.java:45)
	at net.serenitybdd.screenplay.actors.Stage.lambda$shineSpotlightOn$1(Stage.java:24)
	at java.util.Optional.orElseGet(Optional.java:267)
	at net.serenitybdd.screenplay.actors.Stage.shineSpotlightOn(Stage.java:24)
	at net.serenitybdd.screenplay.actors.OnStage.theActorCalled(OnStage.java:37)
	at com.cajasocial.bancapersonas.app.stepsDefinitions.LoginDefinitions.abrirBancaPersonas(LoginDefinitions.java:22)
	at ✽.Que Viviana quiere abrir la aplicacion para iniciar sesion(src/test/resources/features/Login/CambiarClave.feature:9)
Caused by: net.thucydides.core.webdriver.DriverConfigurationError: Could not instantiate new WebDriver instance of type class io.appium.java_client.AppiumDriver (Unable to create a new remote session. Please check the server log for more details. Original error: An unknown server-side error occurred while processing the command. Original error: Unknown device or simulator UDID: '00008020-000102401453802E'
Build info: version: '3.141.59', revision: 'e82be7d358', time: '2018-11-14T08:17:03'
System info: host: 'MacBook-Pro-ML-109981.local', ip: '2800:484:883:d63d:82c5:6be4:ab8d:c937%en0', os.name: 'Mac OS X', os.arch: 'x86_64', os.version: '10.16', java.version: '1.8.0_291'
Driver info: driver.version: RemoteDriver
remote stacktrace: UnknownError: An unknown server-side error occurred while processing the command. Original error: Unknown device or simulator UDID: '00008020-000102401453802E'
    at getResponseForW3CError (/Applications/Appium Server GUI.app/Contents/Resources/app/node_modules/appium/node_modules/appium-base-driver/lib/protocol/errors.js:804:9)
    at asyncHandler (/Applications/Appium Server GUI.app/Contents/Resources/app/node_modules/appium/node_modules/appium-base-driver/lib/protocol/protocol.js:380:37)
Build info: version: '3.141.59', revision: 'e82be7d358', time: '2018-11-14T08:17:03'
System info: host: 'MacBook-Pro-ML-109981.local', ip: '2800:484:883:d63d:82c5:6be4:ab8d:c937%en0', os.name: 'Mac OS X', os.arch: 'x86_64', os.version: '10.16', java.version: '1.8.0_291'
Driver info: driver.version: RemoteDriver). See below for more details.
	at net.thucydides.core.webdriver.WebDriverFactory.newWebdriverInstance(WebDriverFactory.java:158)
	at net.thucydides.core.webdriver.WebDriverFacade.newDriverInstance(WebDriverFacade.java:141)
	at net.thucydides.core.webdriver.WebDriverFacade.newProxyDriver(WebDriverFacade.java:132)
	at net.thucydides.core.webdriver.WebDriverFacade.getProxiedDriver(WebDriverFacade.java:102)
	at net.serenitybdd.core.webdriver.RemoteDriver.of(RemoteDriver.java:13)
	at net.thucydides.core.webdriver.appium.AppiumConfiguration.getTargetPlatform(AppiumConfiguration.java:57)
	at net.thucydides.core.webdriver.ElementLocatorFactorySelector.platformFor(ElementLocatorFactorySelector.java:51)
	at net.thucydides.core.webdriver.ElementLocatorFactorySelector.getLocatorFor(ElementLocatorFactorySelector.java:41)
	at net.thucydides.core.webdriver.ElementLocatorFactorySelector.getLocatorFor(ElementLocatorFactorySelector.java:31)
	at net.thucydides.core.annotations.locators.SmartElementProxyCreator.proxyElements(SmartElementProxyCreator.java:21)
	at net.thucydides.core.webdriver.DefaultPageObjectInitialiser.apply(DefaultPageObjectInitialiser.java:19)
	at net.serenitybdd.core.pages.PageObject.setDriver(PageObject.java:166)
	at net.serenitybdd.core.pages.PageObject.setDriver(PageObject.java:170)
	at net.serenitybdd.core.pages.PageObject.<init>(PageObject.java:154)
	at net.serenitybdd.screenplay.abilities.BrowseTheWeb.<init>(BrowseTheWeb.java:31)
	at net.serenitybdd.screenplay.abilities.BrowseTheWeb.with(BrowseTheWeb.java:47)
	at net.serenitybdd.screenplay.actors.OnlineCast.actorNamed(OnlineCast.java:45)
	at net.serenitybdd.screenplay.actors.Stage.lambda$shineSpotlightOn$1(Stage.java:24)
	at java.util.Optional.orElseGet(Optional.java:267)
	at net.serenitybdd.screenplay.actors.Stage.shineSpotlightOn(Stage.java:24)
	at net.serenitybdd.screenplay.actors.OnStage.theActorCalled(OnStage.java:37)
	at com.cajasocial.bancapersonas.app.stepsDefinitions.LoginDefinitions.abrirBancaPersonas(LoginDefinitions.java:22)
	at sun.reflect.NativeMethodAccessorImpl.invoke0(Native Method)
	at sun.reflect.NativeMethodAccessorImpl.invoke(NativeMethodAccessorImpl.java:62)
	at sun.reflect.DelegatingMethodAccessorImpl.invoke(DelegatingMethodAccessorImpl.java:43)
	at java.lang.reflect.Method.invoke(Method.java:498)
	at cucumber.runtime.Utils$1.call(Utils.java:31)
	at cucumber.runtime.Timeout.timeout(Timeout.java:16)
	at cucumber.runtime.Utils.invoke(Utils.java:25)
	at cucumber.runtime.java.JavaStepDefinition.execute(JavaStepDefinition.java:37)
	at cucumber.runtime.StepDefinitionMatch.runStep(StepDefinitionMatch.java:40)
	at cucumber.api.TestStep.executeStep(TestStep.java:102)
	at cucumber.api.TestStep.run(TestStep.java:83)
	at cucumber.api.TestCase.run(TestCase.java:58)
	at cucumber.runner.Runner.runPickle(Runner.java:80)
	at cucumber.runtime.junit.PickleRunners$NoStepDescriptions.run(PickleRunners.java:140)
	at cucumber.runtime.junit.FeatureRunner.runChild(FeatureRunner.java:68)
	at cucumber.runtime.junit.FeatureRunner.runChild(FeatureRunner.java:23)
	at org.junit.runners.ParentRunner$3.run(ParentRunner.java:290)
	at org.junit.runners.ParentRunner$1.schedule(ParentRunner.java:71)
	at org.junit.runners.ParentRunner.runChildren(ParentRunner.java:288)
	at org.junit.runners.ParentRunner.access$000(ParentRunner.java:58)
	at org.junit.runners.ParentRunner$2.evaluate(ParentRunner.java:268)
	at org.junit.runners.ParentRunner.run(ParentRunner.java:363)
	at cucumber.runtime.junit.FeatureRunner.run(FeatureRunner.java:73)
	at cucumber.api.junit.Cucumber.runChild(Cucumber.java:118)
	at cucumber.api.junit.Cucumber.runChild(Cucumber.java:56)
	at org.junit.runners.ParentRunner$3.run(ParentRunner.java:290)
	at org.junit.runners.ParentRunner$1.schedule(ParentRunner.java:71)
	at org.junit.runners.ParentRunner.runChildren(ParentRunner.java:288)
	at org.junit.runners.ParentRunner.access$000(ParentRunner.java:58)
	at org.junit.runners.ParentRunner$2.evaluate(ParentRunner.java:268)
	at cucumber.api.junit.Cucumber$1.evaluate(Cucumber.java:127)
	at org.junit.runners.ParentRunner.run(ParentRunner.java:363)
	at org.gradle.api.internal.tasks.testing.junit.JUnitTestClassExecutor.runTestClass(JUnitTestClassExecutor.java:110)
	at org.gradle.api.internal.tasks.testing.junit.JUnitTestClassExecutor.execute(JUnitTestClassExecutor.java:58)
	at org.gradle.api.internal.tasks.testing.junit.JUnitTestClassExecutor.execute(JUnitTestClassExecutor.java:38)
	at org.gradle.api.internal.tasks.testing.junit.AbstractJUnitTestClassProcessor.processTestClass(AbstractJUnitTestClassProcessor.java:62)
	at org.gradle.api.internal.tasks.testing.SuiteTestClassProcessor.processTestClass(SuiteTestClassProcessor.java:51)
	at sun.reflect.NativeMethodAccessorImpl.invoke0(Native Method)
	at sun.reflect.NativeMethodAccessorImpl.invoke(NativeMethodAccessorImpl.java:62)
	at sun.reflect.DelegatingMethodAccessorImpl.invoke(DelegatingMethodAccessorImpl.java:43)
	at java.lang.reflect.Method.invoke(Method.java:498)
	at org.gradle.internal.dispatch.ReflectionDispatch.dispatch(ReflectionDispatch.java:36)
	at org.gradle.internal.dispatch.ReflectionDispatch.dispatch(ReflectionDispatch.java:24)
	at org.gradle.internal.dispatch.ContextClassLoaderDispatch.dispatch(ContextClassLoaderDispatch.java:33)
	at org.gradle.internal.dispatch.ProxyDispatchAdapter$DispatchingInvocationHandler.invoke(ProxyDispatchAdapter.java:94)
	at com.sun.proxy.$Proxy2.processTestClass(Unknown Source)
	at org.gradle.api.internal.tasks.testing.worker.TestWorker$2.run(TestWorker.java:176)
	at org.gradle.api.internal.tasks.testing.worker.TestWorker.executeAndMaintainThreadName(TestWorker.java:129)
	at org.gradle.api.internal.tasks.testing.worker.TestWorker.execute(TestWorker.java:100)
	at org.gradle.api.internal.tasks.testing.worker.TestWorker.execute(TestWorker.java:60)
	at org.gradle.process.internal.worker.child.ActionExecutionWorker.execute(ActionExecutionWorker.java:56)
	at org.gradle.process.internal.worker.child.SystemApplicationClassLoaderWorker.call(SystemApplicationClassLoaderWorker.java:133)
	at org.gradle.process.internal.worker.child.SystemApplicationClassLoaderWorker.call(SystemApplicationClassLoaderWorker.java:71)
	at worker.org.gradle.process.internal.worker.GradleWorkerMain.run(GradleWorkerMain.java:69)
	at worker.org.gradle.process.internal.worker.GradleWorkerMain.main(GradleWorkerMain.java:74)
Caused by: org.openqa.selenium.SessionNotCreatedException: Unable to create a new remote session. Please check the server log for more details. Original error: An unknown server-side error occurred while processing the command. Original error: Unknown device or simulator UDID: '00008020-000102401453802E'
Build info: version: '3.141.59', revision: 'e82be7d358', time: '2018-11-14T08:17:03'
System info: host: 'MacBook-Pro-ML-109981.local', ip: '2800:484:883:d63d:82c5:6be4:ab8d:c937%en0', os.name: 'Mac OS X', os.arch: 'x86_64', os.version: '10.16', java.version: '1.8.0_291'
Driver info: driver.version: RemoteDriver
remote stacktrace: UnknownError: An unknown server-side error occurred while processing the command. Original error: Unknown device or simulator UDID: '00008020-000102401453802E'
    at getResponseForW3CError (/Applications/Appium Server GUI.app/Contents/Resources/app/node_modules/appium/node_modules/appium-base-driver/lib/protocol/errors.js:804:9)
    at asyncHandler (/Applications/Appium Server GUI.app/Contents/Resources/app/node_modules/appium/node_modules/appium-base-driver/lib/protocol/protocol.js:380:37)
Build info: version: '3.141.59', revision: 'e82be7d358', time: '2018-11-14T08:17:03'
System info: host: 'MacBook-Pro-ML-109981.local', ip: '2800:484:883:d63d:82c5:6be4:ab8d:c937%en0', os.name: 'Mac OS X', os.arch: 'x86_64', os.version: '10.16', java.version: '1.8.0_291'
Driver info: driver.version: RemoteDriver
	at io.appium.java_client.remote.AppiumCommandExecutor$1.createSession(AppiumCommandExecutor.java:208)
	at io.appium.java_client.remote.AppiumCommandExecutor.createSession(AppiumCommandExecutor.java:217)
	at io.appium.java_client.remote.AppiumCommandExecutor.execute(AppiumCommandExecutor.java:239)
	at org.openqa.selenium.remote.RemoteWebDriver.execute(RemoteWebDriver.java:552)
	at io.appium.java_client.DefaultGenericMobileDriver.execute(DefaultGenericMobileDriver.java:41)
	at io.appium.java_client.AppiumDriver.execute(AppiumDriver.java:1)
	at io.appium.java_client.ios.IOSDriver.execute(IOSDriver.java:1)
	at org.openqa.selenium.remote.RemoteWebDriver.startSession(RemoteWebDriver.java:213)
	at io.appium.java_client.AppiumDriver.startSession(AppiumDriver.java:336)
	at org.openqa.selenium.remote.RemoteWebDriver.<init>(RemoteWebDriver.java:131)
	at io.appium.java_client.DefaultGenericMobileDriver.<init>(DefaultGenericMobileDriver.java:37)
	at io.appium.java_client.AppiumDriver.<init>(AppiumDriver.java:88)
	at io.appium.java_client.AppiumDriver.<init>(AppiumDriver.java:98)
	at io.appium.java_client.ios.IOSDriver.<init>(IOSDriver.java:90)
	at net.serenitybdd.core.webdriver.driverproviders.AppiumDriverProvider.newDriverUsingExternalServer(AppiumDriverProvider.java:63)
	at net.serenitybdd.core.webdriver.driverproviders.AppiumDriverProvider.newInstance(AppiumDriverProvider.java:47)
	at net.thucydides.core.webdriver.WebDriverFactory.createWebDriver(WebDriverFactory.java:169)
	at net.thucydides.core.webdriver.WebDriverFactory.newWebdriverInstance(WebDriverFactory.java:150)
	... 76 more
Caused by: java.lang.reflect.InvocationTargetException
	at sun.reflect.NativeMethodAccessorImpl.invoke0(Native Method)
	at sun.reflect.NativeMethodAccessorImpl.invoke(NativeMethodAccessorImpl.java:62)
	at sun.reflect.DelegatingMethodAccessorImpl.invoke(DelegatingMethodAccessorImpl.java:43)
	at java.lang.reflect.Method.invoke(Method.java:498)
	at io.appium.java_client.remote.AppiumCommandExecutor$1.createSession(AppiumCommandExecutor.java:186)
	... 93 more
Caused by: org.openqa.selenium.WebDriverException: An unknown server-side error occurred while processing the command. Original error: Unknown device or simulator UDID: '00008020-000102401453802E'
Build info: version: '3.141.59', revision: 'e82be7d358', time: '2018-11-14T08:17:03'
System info: host: 'MacBook-Pro-ML-109981.local', ip: '2800:484:883:d63d:82c5:6be4:ab8d:c937%en0', os.name: 'Mac OS X', os.arch: 'x86_64', os.version: '10.16', java.version: '1.8.0_291'
Driver info: driver.version: RemoteDriver
remote stacktrace: UnknownError: An unknown server-side error occurred while processing the command. Original error: Unknown device or simulator UDID: '00008020-000102401453802E'
    at getResponseForW3CError (/Applications/Appium Server GUI.app/Contents/Resources/app/node_modules/appium/node_modules/appium-base-driver/lib/protocol/errors.js:804:9)
    at asyncHandler (/Applications/Appium Server GUI.app/Contents/Resources/app/node_modules/appium/node_modules/appium-base-driver/lib/protocol/protocol.js:380:37)
	at sun.reflect.NativeConstructorAccessorImpl.newInstance0(Native Method)
	at sun.reflect.NativeConstructorAccessorImpl.newInstance(NativeConstructorAccessorImpl.java:62)
	at sun.reflect.DelegatingConstructorAccessorImpl.newInstance(DelegatingConstructorAccessorImpl.java:45)
	at java.lang.reflect.Constructor.newInstance(Constructor.java:423)
	at org.openqa.selenium.remote.W3CHandshakeResponse.lambda$errorHandler$0(W3CHandshakeResponse.java:62)
	at org.openqa.selenium.remote.HandshakeResponse.lambda$getResponseFunction$0(HandshakeResponse.java:30)
	at org.openqa.selenium.remote.ProtocolHandshake.lambda$createSession$0(ProtocolHandshake.java:126)
	at java.util.stream.ReferencePipeline$3$1.accept(ReferencePipeline.java:193)
	at java.util.Spliterators$ArraySpliterator.tryAdvance(Spliterators.java:958)
	at java.util.stream.ReferencePipeline.forEachWithCancel(ReferencePipeline.java:126)
	at java.util.stream.AbstractPipeline.copyIntoWithCancel(AbstractPipeline.java:499)
	at java.util.stream.AbstractPipeline.copyInto(AbstractPipeline.java:486)
	at java.util.stream.AbstractPipeline.wrapAndCopyInto(AbstractPipeline.java:472)
	at java.util.stream.FindOps$FindOp.evaluateSequential(FindOps.java:152)
	at java.util.stream.AbstractPipeline.evaluate(AbstractPipeline.java:234)
	at java.util.stream.ReferencePipeline.findFirst(ReferencePipeline.java:464)
	at org.openqa.selenium.remote.ProtocolHandshake.createSession(ProtocolHandshake.java:128)
	... 98 more

]]></system-out>
  <system-err><![CDATA[[Test worker] INFO net.thucydides.core.steps.ConsoleLoggingListener - 

-------------------------------------------------------------------------------------
     _______. _______ .______       _______ .__   __.  __  .___________.____    ____ 
    /       ||   ____||   _  \     |   ____||  \ |  | |  | |           |\   \  /   / 
   |   (----`|  |__   |  |_)  |    |  |__   |   \|  | |  | `---|  |----` \   \/   /  
    \   \    |   __|  |      /     |   __|  |  . `  | |  |     |  |       \_    _/   
.----)   |   |  |____ |  |\  \----.|  |____ |  |\   | |  |     |  |         |  |     
|_______/    |_______|| _| `._____||_______||__| \__| |__|     |__|         |__|    
                                                                                     
 News and tutorials at http://www.serenity-bdd.info                                  
 Documentation at https://wakaleo.gitbooks.io/the-serenity-book/content/             
 Join the Serenity Community on Rocket Chat at https://serenity-bdd.rocket.chat      
 Serenity BDD Support and Training at http://serenity-bdd.info/#/trainingandsupport  
 Learn Serenity BDD online at http://serenity-dojo.com                               
-------------------------------------------------------------------------------------

[Test worker] INFO net.thucydides.core.steps.ConsoleLoggingListener - Test Suite Started: Prueba del modulo login/Cambiar contraseña para la aplicacion movil Banca Personas
[Test worker] INFO net.thucydides.core.steps.ConsoleLoggingListener - Test Suite Started: Prueba del modulo login para la aplicacion movil Banca Personas
[Test worker] INFO net.thucydides.core.steps.ConsoleLoggingListener - Test Suite Started: Prueba del modulo login para la aplicacion movil Banca Personas
[Test worker] INFO net.thucydides.core.steps.ConsoleLoggingListener - Test Suite Started: Prueba del modulo login/Recuperar contraseña para la aplicacion movil Banca Personas
[Test worker] INFO net.thucydides.core.steps.ConsoleLoggingListener - 
 _____ _____ ____ _____   ____ _____  _    ____ _____ _____ ____  
|_   _| ____/ ___|_   _| / ___|_   _|/ \  |  _ \_   _| ____|  _ \ 
  | | |  _| \___ \ | |   \___ \ | | / _ \ | |_) || | |  _| | | | |
  | | | |___ ___) || |    ___) || |/ ___ \|  _ < | | | |___| |_| |
  |_| |_____|____/ |_|   |____/ |_/_/   \_\_| \_\|_| |_____|____/ 
                                                                  

TEST STARTED: Cambiar la contraseña de un cliente con cédula de ciudadaníay que tiene tarjeta de crédito y tarjeta de débito de forma exitosa
-------------------------------------------------------------------(prueba-del-modulo-login/cambiar-contraseña-para-la-aplicacion-movil-banca-personas;cambiar-la-contraseña-de-un-cliente-con-cédula-de-ciudadaníay-que-tiene-tarjeta-de-crédito-y-tarjeta-de-débito-de-forma-exitosa)
[Test worker] ERROR net.thucydides.core.model.TestOutcome - Tag provider net.thucydides.core.requirements.FileSystemRequirementsTagProvider@30ea8c23 failure
net.serenitybdd.core.exceptions.SerenityManagedException: gherkin.ParserException$CompositeParserException: Parser errors:
(11:3): expected: #TagLine, #ScenarioLine, #ScenarioOutlineLine, #Comment, #Empty, got 'Background:'
(12:5): expected: #TagLine, #ScenarioLine, #ScenarioOutlineLine, #Comment, #Empty, got 'Given Que Viviana quiere abrir la aplicacion para iniciar sesion'
	at net.thucydides.core.requirements.model.cucumber.CucumberParser.loadCucumberFeatures(CucumberParser.java:119)
	at net.thucydides.core.requirements.model.cucumber.CucumberParser.loadFeature(CucumberParser.java:72)
	at net.thucydides.core.requirements.model.cucumber.CucumberParser.loadFeatureNarrative(CucumberParser.java:134)
	at net.thucydides.core.requirements.FileSystemRequirementsTagProvider.loadFromFeatureFile(FileSystemRequirementsTagProvider.java:611)
	at net.thucydides.core.requirements.FileSystemRequirementsTagProvider.readRequirementsFromStoryOrFeatureFile(FileSystemRequirementsTagProvider.java:564)
	at java.util.stream.ReferencePipeline$3$1.accept(ReferencePipeline.java:193)
	at java.util.Spliterators$ArraySpliterator.forEachRemaining(Spliterators.java:948)
	at java.util.stream.AbstractPipeline.copyInto(AbstractPipeline.java:482)
	at java.util.stream.AbstractPipeline.wrapAndCopyInto(AbstractPipeline.java:472)
	at java.util.stream.ForEachOps$ForEachOp.evaluateSequential(ForEachOps.java:151)
	at java.util.stream.ForEachOps$ForEachOp$OfRef.evaluateSequential(ForEachOps.java:174)
	at java.util.stream.AbstractPipeline.evaluate(AbstractPipeline.java:234)
	at java.util.stream.ReferencePipeline.forEach(ReferencePipeline.java:418)
	at net.thucydides.core.requirements.FileSystemRequirementsTagProvider.capabilitiesAndStoriesIn(FileSystemRequirementsTagProvider.java:196)
	at java.util.stream.ReferencePipeline$3$1.accept(ReferencePipeline.java:193)
	at java.util.HashMap$KeySpliterator.forEachRemaining(HashMap.java:1556)
	at java.util.stream.AbstractPipeline.copyInto(AbstractPipeline.java:482)
	at java.util.stream.AbstractPipeline.wrapAndCopyInto(AbstractPipeline.java:472)
	at java.util.stream.ReduceOps$ReduceOp.evaluateSequential(ReduceOps.java:708)
	at java.util.stream.AbstractPipeline.evaluate(AbstractPipeline.java:234)
	at java.util.stream.ReferencePipeline.collect(ReferencePipeline.java:499)
	at net.thucydides.core.requirements.FileSystemRequirementsTagProvider.getRequirements(FileSystemRequirementsTagProvider.java:178)
	at net.thucydides.core.requirements.FileSystemRequirementsTagProvider.readChildrenFrom(FileSystemRequirementsTagProvider.java:726)
	at net.thucydides.core.requirements.FileSystemRequirementsTagProvider.requirementFromDirectoryName(FileSystemRequirementsTagProvider.java:635)
	at net.thucydides.core.requirements.FileSystemRequirementsTagProvider.readRequirementFrom(FileSystemRequirementsTagProvider.java:557)
	at java.util.stream.ReferencePipeline$3$1.accept(ReferencePipeline.java:193)
	at java.util.Spliterators$ArraySpliterator.forEachRemaining(Spliterators.java:948)
	at java.util.stream.AbstractPipeline.copyInto(AbstractPipeline.java:482)
	at java.util.stream.AbstractPipeline.wrapAndCopyInto(AbstractPipeline.java:472)
	at java.util.stream.ForEachOps$ForEachOp.evaluateSequential(ForEachOps.java:151)
	at java.util.stream.ForEachOps$ForEachOp$OfRef.evaluateSequential(ForEachOps.java:174)
	at java.util.stream.AbstractPipeline.evaluate(AbstractPipeline.java:234)
	at java.util.stream.ReferencePipeline.forEach(ReferencePipeline.java:418)
	at net.thucydides.core.requirements.FileSystemRequirementsTagProvider.capabilitiesAndStoriesIn(FileSystemRequirementsTagProvider.java:192)
	at java.util.stream.ReferencePipeline$3$1.accept(ReferencePipeline.java:193)
	at java.util.HashMap$KeySpliterator.forEachRemaining(HashMap.java:1556)
	at java.util.stream.AbstractPipeline.copyInto(AbstractPipeline.java:482)
	at java.util.stream.AbstractPipeline.wrapAndCopyInto(AbstractPipeline.java:472)
	at java.util.stream.ReduceOps$ReduceOp.evaluateSequential(ReduceOps.java:708)
	at java.util.stream.AbstractPipeline.evaluate(AbstractPipeline.java:234)
	at java.util.stream.ReferencePipeline.collect(ReferencePipeline.java:499)
	at net.thucydides.core.requirements.FileSystemRequirementsTagProvider.getRequirements(FileSystemRequirementsTagProvider.java:178)
	at net.thucydides.core.requirements.FileSystemRequirementsTagProvider.requirementWithMatchingFeatureFile(FileSystemRequirementsTagProvider.java:253)
	at net.thucydides.core.requirements.FileSystemRequirementsTagProvider.getTagsFor(FileSystemRequirementsTagProvider.java:225)
	at net.thucydides.core.model.TestOutcome.getTagsUsingTagProviders(TestOutcome.java:1877)
	at net.thucydides.core.model.TestOutcome.getTags(TestOutcome.java:1854)
	at net.thucydides.core.model.TestOutcome.addTags(TestOutcome.java:1907)
	at net.thucydides.core.steps.StepEventBus.addTagsToCurrentTest(StepEventBus.java:645)
	at cucumber.runtime.formatter.SerenityReporter.startScenario(SerenityReporter.java:635)
	at cucumber.runtime.formatter.SerenityReporter.startOfScenarioLifeCycle(SerenityReporter.java:618)
	at cucumber.runtime.formatter.SerenityReporter.handleTestCaseStarted(SerenityReporter.java:254)
	at cucumber.runtime.formatter.SerenityReporter.lambda$new$1(SerenityReporter.java:127)
	at cucumber.runner.EventBus.send(EventBus.java:28)
	at cucumber.api.TestCase.run(TestCase.java:55)
	at cucumber.runner.Runner.runPickle(Runner.java:80)
	at cucumber.runtime.junit.PickleRunners$NoStepDescriptions.run(PickleRunners.java:140)
	at cucumber.runtime.junit.FeatureRunner.runChild(FeatureRunner.java:68)
	at cucumber.runtime.junit.FeatureRunner.runChild(FeatureRunner.java:23)
	at org.junit.runners.ParentRunner$3.run(ParentRunner.java:290)
	at org.junit.runners.ParentRunner$1.schedule(ParentRunner.java:71)
	at org.junit.runners.ParentRunner.runChildren(ParentRunner.java:288)
	at org.junit.runners.ParentRunner.access$000(ParentRunner.java:58)
	at org.junit.runners.ParentRunner$2.evaluate(ParentRunner.java:268)
	at org.junit.runners.ParentRunner.run(ParentRunner.java:363)
	at cucumber.runtime.junit.FeatureRunner.run(FeatureRunner.java:73)
	at cucumber.api.junit.Cucumber.runChild(Cucumber.java:118)
	at cucumber.api.junit.Cucumber.runChild(Cucumber.java:56)
	at org.junit.runners.ParentRunner$3.run(ParentRunner.java:290)
	at org.junit.runners.ParentRunner$1.schedule(ParentRunner.java:71)
	at org.junit.runners.ParentRunner.runChildren(ParentRunner.java:288)
	at org.junit.runners.ParentRunner.access$000(ParentRunner.java:58)
	at org.junit.runners.ParentRunner$2.evaluate(ParentRunner.java:268)
	at cucumber.api.junit.Cucumber$1.evaluate(Cucumber.java:127)
	at org.junit.runners.ParentRunner.run(ParentRunner.java:363)
	at org.gradle.api.internal.tasks.testing.junit.JUnitTestClassExecutor.runTestClass(JUnitTestClassExecutor.java:110)
	at org.gradle.api.internal.tasks.testing.junit.JUnitTestClassExecutor.execute(JUnitTestClassExecutor.java:58)
	at org.gradle.api.internal.tasks.testing.junit.JUnitTestClassExecutor.execute(JUnitTestClassExecutor.java:38)
	at org.gradle.api.internal.tasks.testing.junit.AbstractJUnitTestClassProcessor.processTestClass(AbstractJUnitTestClassProcessor.java:62)
	at org.gradle.api.internal.tasks.testing.SuiteTestClassProcessor.processTestClass(SuiteTestClassProcessor.java:51)
	at sun.reflect.NativeMethodAccessorImpl.invoke0(Native Method)
	at sun.reflect.NativeMethodAccessorImpl.invoke(NativeMethodAccessorImpl.java:62)
	at sun.reflect.DelegatingMethodAccessorImpl.invoke(DelegatingMethodAccessorImpl.java:43)
	at java.lang.reflect.Method.invoke(Method.java:498)
	at org.gradle.internal.dispatch.ReflectionDispatch.dispatch(ReflectionDispatch.java:36)
	at org.gradle.internal.dispatch.ReflectionDispatch.dispatch(ReflectionDispatch.java:24)
	at org.gradle.internal.dispatch.ContextClassLoaderDispatch.dispatch(ContextClassLoaderDispatch.java:33)
	at org.gradle.internal.dispatch.ProxyDispatchAdapter$DispatchingInvocationHandler.invoke(ProxyDispatchAdapter.java:94)
	at com.sun.proxy.$Proxy2.processTestClass(Unknown Source)
	at org.gradle.api.internal.tasks.testing.worker.TestWorker$2.run(TestWorker.java:176)
	at org.gradle.api.internal.tasks.testing.worker.TestWorker.executeAndMaintainThreadName(TestWorker.java:129)
	at org.gradle.api.internal.tasks.testing.worker.TestWorker.execute(TestWorker.java:100)
	at org.gradle.api.internal.tasks.testing.worker.TestWorker.execute(TestWorker.java:60)
	at org.gradle.process.internal.worker.child.ActionExecutionWorker.execute(ActionExecutionWorker.java:56)
	at org.gradle.process.internal.worker.child.SystemApplicationClassLoaderWorker.call(SystemApplicationClassLoaderWorker.java:133)
	at org.gradle.process.internal.worker.child.SystemApplicationClassLoaderWorker.call(SystemApplicationClassLoaderWorker.java:71)
	at worker.org.gradle.process.internal.worker.GradleWorkerMain.run(GradleWorkerMain.java:69)
	at worker.org.gradle.process.internal.worker.GradleWorkerMain.main(GradleWorkerMain.java:74)
Caused by: gherkin.ParserException$CompositeParserException: Parser errors:
(11:3): expected: #TagLine, #ScenarioLine, #ScenarioOutlineLine, #Comment, #Empty, got 'Background:'
(12:5): expected: #TagLine, #ScenarioLine, #ScenarioOutlineLine, #Comment, #Empty, got 'Given Que Viviana quiere abrir la aplicacion para iniciar sesion'
	at gherkin.Parser.parse(Parser.java:143)
	at gherkin.Parser.parse(Parser.java:118)
	at gherkin.Parser.parse(Parser.java:114)
	at cucumber.runtime.FeatureBuilder.parse(FeatureBuilder.java:56)
	at cucumber.runtime.model.CucumberFeature.loadFromFeaturePath(CucumberFeature.java:113)
	at cucumber.runtime.model.CucumberFeature.load(CucumberFeature.java:49)
	at sun.reflect.NativeMethodAccessorImpl.invoke0(Native Method)
	at sun.reflect.NativeMethodAccessorImpl.invoke(NativeMethodAccessorImpl.java:62)
	at sun.reflect.DelegatingMethodAccessorImpl.invoke(DelegatingMethodAccessorImpl.java:43)
	at java.lang.reflect.Method.invoke(Method.java:498)
	at net.thucydides.core.requirements.model.cucumber.CucumberParser.loadCucumberFeatures(CucumberParser.java:117)
	... 96 more
[pool-2-thread-1] WARN net.thucydides.core.requirements.RequirementsTagProvider - Failed to load requirements: gherkin.ParserException$CompositeParserException: Parser errors:
(11:3): expected: #TagLine, #ScenarioLine, #ScenarioOutlineLine, #Comment, #Empty, got 'Background:'
(12:5): expected: #TagLine, #ScenarioLine, #ScenarioOutlineLine, #Comment, #Empty, got 'Given Que Viviana quiere abrir la aplicacion para iniciar sesion'
net.serenitybdd.core.exceptions.SerenityManagedException: gherkin.ParserException$CompositeParserException: Parser errors:
(11:3): expected: #TagLine, #ScenarioLine, #ScenarioOutlineLine, #Comment, #Empty, got 'Background:'
(12:5): expected: #TagLine, #ScenarioLine, #ScenarioOutlineLine, #Comment, #Empty, got 'Given Que Viviana quiere abrir la aplicacion para iniciar sesion'
	at net.thucydides.core.requirements.model.cucumber.CucumberParser.loadCucumberFeatures(CucumberParser.java:119)
	at net.thucydides.core.requirements.model.cucumber.CucumberParser.loadFeature(CucumberParser.java:72)
	at net.thucydides.core.requirements.model.cucumber.CucumberParser.loadFeatureNarrative(CucumberParser.java:134)
	at net.thucydides.core.requirements.FileSystemRequirementsTagProvider.loadFromFeatureFile(FileSystemRequirementsTagProvider.java:611)
	at net.thucydides.core.requirements.FileSystemRequirementsTagProvider.readRequirementsFromStoryOrFeatureFile(FileSystemRequirementsTagProvider.java:564)
	at java.util.stream.ReferencePipeline$3$1.accept(ReferencePipeline.java:193)
	at java.util.Spliterators$ArraySpliterator.forEachRemaining(Spliterators.java:948)
	at java.util.stream.AbstractPipeline.copyInto(AbstractPipeline.java:482)
	at java.util.stream.AbstractPipeline.wrapAndCopyInto(AbstractPipeline.java:472)
	at java.util.stream.ForEachOps$ForEachOp.evaluateSequential(ForEachOps.java:151)
	at java.util.stream.ForEachOps$ForEachOp$OfRef.evaluateSequential(ForEachOps.java:174)
	at java.util.stream.AbstractPipeline.evaluate(AbstractPipeline.java:234)
	at java.util.stream.ReferencePipeline.forEach(ReferencePipeline.java:418)
	at net.thucydides.core.requirements.FileSystemRequirementsTagProvider.capabilitiesAndStoriesIn(FileSystemRequirementsTagProvider.java:196)
	at java.util.stream.ReferencePipeline$3$1.accept(ReferencePipeline.java:193)
	at java.util.HashMap$KeySpliterator.forEachRemaining(HashMap.java:1556)
	at java.util.stream.AbstractPipeline.copyInto(AbstractPipeline.java:482)
	at java.util.stream.AbstractPipeline.wrapAndCopyInto(AbstractPipeline.java:472)
	at java.util.stream.ReduceOps$ReduceOp.evaluateSequential(ReduceOps.java:708)
	at java.util.stream.AbstractPipeline.evaluate(AbstractPipeline.java:234)
	at java.util.stream.ReferencePipeline.collect(ReferencePipeline.java:499)
	at net.thucydides.core.requirements.FileSystemRequirementsTagProvider.getRequirements(FileSystemRequirementsTagProvider.java:178)
	at net.thucydides.core.requirements.FileSystemRequirementsTagProvider.readChildrenFrom(FileSystemRequirementsTagProvider.java:726)
	at net.thucydides.core.requirements.FileSystemRequirementsTagProvider.requirementFromDirectoryName(FileSystemRequirementsTagProvider.java:635)
	at net.thucydides.core.requirements.FileSystemRequirementsTagProvider.readRequirementFrom(FileSystemRequirementsTagProvider.java:557)
	at java.util.stream.ReferencePipeline$3$1.accept(ReferencePipeline.java:193)
	at java.util.Spliterators$ArraySpliterator.forEachRemaining(Spliterators.java:948)
	at java.util.stream.AbstractPipeline.copyInto(AbstractPipeline.java:482)
	at java.util.stream.AbstractPipeline.wrapAndCopyInto(AbstractPipeline.java:472)
	at java.util.stream.ForEachOps$ForEachOp.evaluateSequential(ForEachOps.java:151)
	at java.util.stream.ForEachOps$ForEachOp$OfRef.evaluateSequential(ForEachOps.java:174)
	at java.util.stream.AbstractPipeline.evaluate(AbstractPipeline.java:234)
	at java.util.stream.ReferencePipeline.forEach(ReferencePipeline.java:418)
	at net.thucydides.core.requirements.FileSystemRequirementsTagProvider.capabilitiesAndStoriesIn(FileSystemRequirementsTagProvider.java:192)
	at java.util.stream.ReferencePipeline$3$1.accept(ReferencePipeline.java:193)
	at java.util.HashMap$KeySpliterator.forEachRemaining(HashMap.java:1556)
	at java.util.stream.AbstractPipeline.copyInto(AbstractPipeline.java:482)
	at java.util.stream.AbstractPipeline.wrapAndCopyInto(AbstractPipeline.java:472)
	at java.util.stream.ReduceOps$ReduceOp.evaluateSequential(ReduceOps.java:708)
	at java.util.stream.AbstractPipeline.evaluate(AbstractPipeline.java:234)
	at java.util.stream.ReferencePipeline.collect(ReferencePipeline.java:499)
	at net.thucydides.core.requirements.FileSystemRequirementsTagProvider.getRequirements(FileSystemRequirementsTagProvider.java:178)
	at net.thucydides.core.requirements.RequirementsProvided.by(RequirementsProvided.java:15)
	at net.thucydides.core.requirements.MultiSourceRequirementsService.getRequirements(MultiSourceRequirementsService.java:40)
	at net.thucydides.core.requirements.BaseRequirementsService.getRequirementTypes(BaseRequirementsService.java:197)
	at net.thucydides.core.reports.html.HtmlAcceptanceTestReporter.addTestOutcomeToContext(HtmlAcceptanceTestReporter.java:163)
	at net.thucydides.core.reports.html.HtmlAcceptanceTestReporter.generateReportFor(HtmlAcceptanceTestReporter.java:107)
	at net.thucydides.core.reports.ReportService.generateReportFor(ReportService.java:239)
	at net.thucydides.core.reports.ReportService.lambda$generateReportsFor$0(ReportService.java:177)
	at java.util.concurrent.Executors$RunnableAdapter.call(Executors.java:511)
	at java.util.concurrent.FutureTask.run(FutureTask.java:266)
	at java.util.concurrent.ThreadPoolExecutor.runWorker(ThreadPoolExecutor.java:1149)
	at java.util.concurrent.ThreadPoolExecutor$Worker.run(ThreadPoolExecutor.java:624)
	at java.lang.Thread.run(Thread.java:748)
Caused by: gherkin.ParserException$CompositeParserException: Parser errors:
(11:3): expected: #TagLine, #ScenarioLine, #ScenarioOutlineLine, #Comment, #Empty, got 'Background:'
(12:5): expected: #TagLine, #ScenarioLine, #ScenarioOutlineLine, #Comment, #Empty, got 'Given Que Viviana quiere abrir la aplicacion para iniciar sesion'
	at gherkin.Parser.parse(Parser.java:143)
	at gherkin.Parser.parse(Parser.java:118)
	at gherkin.Parser.parse(Parser.java:114)
	at cucumber.runtime.FeatureBuilder.parse(FeatureBuilder.java:56)
	at cucumber.runtime.model.CucumberFeature.loadFromFeaturePath(CucumberFeature.java:113)
	at cucumber.runtime.model.CucumberFeature.load(CucumberFeature.java:49)
	at sun.reflect.NativeMethodAccessorImpl.invoke0(Native Method)
	at sun.reflect.NativeMethodAccessorImpl.invoke(NativeMethodAccessorImpl.java:62)
	at sun.reflect.DelegatingMethodAccessorImpl.invoke(DelegatingMethodAccessorImpl.java:43)
	at java.lang.reflect.Method.invoke(Method.java:498)
	at net.thucydides.core.requirements.model.cucumber.CucumberParser.loadCucumberFeatures(CucumberParser.java:117)
	... 53 more
[pool-2-thread-1] WARN net.thucydides.core.requirements.RequirementsTagProvider - Failed to load requirements: gherkin.ParserException$CompositeParserException: Parser errors:
(11:3): expected: #TagLine, #ScenarioLine, #ScenarioOutlineLine, #Comment, #Empty, got 'Background:'
(12:5): expected: #TagLine, #ScenarioLine, #ScenarioOutlineLine, #Comment, #Empty, got 'Given Que Viviana quiere abrir la aplicacion para iniciar sesion'
net.serenitybdd.core.exceptions.SerenityManagedException: gherkin.ParserException$CompositeParserException: Parser errors:
(11:3): expected: #TagLine, #ScenarioLine, #ScenarioOutlineLine, #Comment, #Empty, got 'Background:'
(12:5): expected: #TagLine, #ScenarioLine, #ScenarioOutlineLine, #Comment, #Empty, got 'Given Que Viviana quiere abrir la aplicacion para iniciar sesion'
	at net.thucydides.core.requirements.model.cucumber.CucumberParser.loadCucumberFeatures(CucumberParser.java:119)
	at net.thucydides.core.requirements.model.cucumber.CucumberParser.loadFeature(CucumberParser.java:72)
	at net.thucydides.core.requirements.model.cucumber.CucumberParser.loadFeatureNarrative(CucumberParser.java:134)
	at net.thucydides.core.requirements.FileSystemRequirementsTagProvider.loadFromFeatureFile(FileSystemRequirementsTagProvider.java:611)
	at net.thucydides.core.requirements.FileSystemRequirementsTagProvider.readRequirementsFromStoryOrFeatureFile(FileSystemRequirementsTagProvider.java:564)
	at java.util.stream.ReferencePipeline$3$1.accept(ReferencePipeline.java:193)
	at java.util.Spliterators$ArraySpliterator.forEachRemaining(Spliterators.java:948)
	at java.util.stream.AbstractPipeline.copyInto(AbstractPipeline.java:482)
	at java.util.stream.AbstractPipeline.wrapAndCopyInto(AbstractPipeline.java:472)
	at java.util.stream.ForEachOps$ForEachOp.evaluateSequential(ForEachOps.java:151)
	at java.util.stream.ForEachOps$ForEachOp$OfRef.evaluateSequential(ForEachOps.java:174)
	at java.util.stream.AbstractPipeline.evaluate(AbstractPipeline.java:234)
	at java.util.stream.ReferencePipeline.forEach(ReferencePipeline.java:418)
	at net.thucydides.core.requirements.FileSystemRequirementsTagProvider.capabilitiesAndStoriesIn(FileSystemRequirementsTagProvider.java:196)
	at java.util.stream.ReferencePipeline$3$1.accept(ReferencePipeline.java:193)
	at java.util.HashMap$KeySpliterator.forEachRemaining(HashMap.java:1556)
	at java.util.stream.AbstractPipeline.copyInto(AbstractPipeline.java:482)
	at java.util.stream.AbstractPipeline.wrapAndCopyInto(AbstractPipeline.java:472)
	at java.util.stream.ReduceOps$ReduceOp.evaluateSequential(ReduceOps.java:708)
	at java.util.stream.AbstractPipeline.evaluate(AbstractPipeline.java:234)
	at java.util.stream.ReferencePipeline.collect(ReferencePipeline.java:499)
	at net.thucydides.core.requirements.FileSystemRequirementsTagProvider.getRequirements(FileSystemRequirementsTagProvider.java:178)
	at net.thucydides.core.requirements.FileSystemRequirementsTagProvider.readChildrenFrom(FileSystemRequirementsTagProvider.java:726)
	at net.thucydides.core.requirements.FileSystemRequirementsTagProvider.requirementFromDirectoryName(FileSystemRequirementsTagProvider.java:635)
	at net.thucydides.core.requirements.FileSystemRequirementsTagProvider.readRequirementFrom(FileSystemRequirementsTagProvider.java:557)
	at java.util.stream.ReferencePipeline$3$1.accept(ReferencePipeline.java:193)
	at java.util.Spliterators$ArraySpliterator.forEachRemaining(Spliterators.java:948)
	at java.util.stream.AbstractPipeline.copyInto(AbstractPipeline.java:482)
	at java.util.stream.AbstractPipeline.wrapAndCopyInto(AbstractPipeline.java:472)
	at java.util.stream.ForEachOps$ForEachOp.evaluateSequential(ForEachOps.java:151)
	at java.util.stream.ForEachOps$ForEachOp$OfRef.evaluateSequential(ForEachOps.java:174)
	at java.util.stream.AbstractPipeline.evaluate(AbstractPipeline.java:234)
	at java.util.stream.ReferencePipeline.forEach(ReferencePipeline.java:418)
	at net.thucydides.core.requirements.FileSystemRequirementsTagProvider.capabilitiesAndStoriesIn(FileSystemRequirementsTagProvider.java:192)
	at java.util.stream.ReferencePipeline$3$1.accept(ReferencePipeline.java:193)
	at java.util.HashMap$KeySpliterator.forEachRemaining(HashMap.java:1556)
	at java.util.stream.AbstractPipeline.copyInto(AbstractPipeline.java:482)
	at java.util.stream.AbstractPipeline.wrapAndCopyInto(AbstractPipeline.java:472)
	at java.util.stream.ReduceOps$ReduceOp.evaluateSequential(ReduceOps.java:708)
	at java.util.stream.AbstractPipeline.evaluate(AbstractPipeline.java:234)
	at java.util.stream.ReferencePipeline.collect(ReferencePipeline.java:499)
	at net.thucydides.core.requirements.FileSystemRequirementsTagProvider.getRequirements(FileSystemRequirementsTagProvider.java:178)
	at net.thucydides.core.requirements.FileSystemRequirementsTagProvider.lastRequirementFrom(FileSystemRequirementsTagProvider.java:460)
	at net.thucydides.core.requirements.FileSystemRequirementsTagProvider.parentRequirementFromPackagePath(FileSystemRequirementsTagProvider.java:353)
	at net.thucydides.core.requirements.FileSystemRequirementsTagProvider.getParentRequirementOf(FileSystemRequirementsTagProvider.java:338)
	at net.thucydides.core.requirements.ParentRequirementsProvided.forOutcome(ParentRequirementsProvided.java:26)
	at net.thucydides.core.requirements.BaseRequirementsService.getParentRequirementOf(BaseRequirementsService.java:138)
	at net.thucydides.core.requirements.BaseRequirementsService.getParentRequirementFor(BaseRequirementsService.java:48)
	at net.thucydides.core.reports.html.HtmlAcceptanceTestReporter.addParentRequirmentFieldToContext(HtmlAcceptanceTestReporter.java:171)
	at net.thucydides.core.reports.html.HtmlAcceptanceTestReporter.addTestOutcomeToContext(HtmlAcceptanceTestReporter.java:165)
	at net.thucydides.core.reports.html.HtmlAcceptanceTestReporter.generateReportFor(HtmlAcceptanceTestReporter.java:107)
	at net.thucydides.core.reports.ReportService.generateReportFor(ReportService.java:239)
	at net.thucydides.core.reports.ReportService.lambda$generateReportsFor$0(ReportService.java:177)
	at java.util.concurrent.Executors$RunnableAdapter.call(Executors.java:511)
	at java.util.concurrent.FutureTask.run(FutureTask.java:266)
	at java.util.concurrent.ThreadPoolExecutor.runWorker(ThreadPoolExecutor.java:1149)
	at java.util.concurrent.ThreadPoolExecutor$Worker.run(ThreadPoolExecutor.java:624)
	at java.lang.Thread.run(Thread.java:748)
Caused by: gherkin.ParserException$CompositeParserException: Parser errors:
(11:3): expected: #TagLine, #ScenarioLine, #ScenarioOutlineLine, #Comment, #Empty, got 'Background:'
(12:5): expected: #TagLine, #ScenarioLine, #ScenarioOutlineLine, #Comment, #Empty, got 'Given Que Viviana quiere abrir la aplicacion para iniciar sesion'
	at gherkin.Parser.parse(Parser.java:143)
	at gherkin.Parser.parse(Parser.java:118)
	at gherkin.Parser.parse(Parser.java:114)
	at cucumber.runtime.FeatureBuilder.parse(FeatureBuilder.java:56)
	at cucumber.runtime.model.CucumberFeature.loadFromFeaturePath(CucumberFeature.java:113)
	at cucumber.runtime.model.CucumberFeature.load(CucumberFeature.java:49)
	at sun.reflect.NativeMethodAccessorImpl.invoke0(Native Method)
	at sun.reflect.NativeMethodAccessorImpl.invoke(NativeMethodAccessorImpl.java:62)
	at sun.reflect.DelegatingMethodAccessorImpl.invoke(DelegatingMethodAccessorImpl.java:43)
	at java.lang.reflect.Method.invoke(Method.java:498)
	at net.thucydides.core.requirements.model.cucumber.CucumberParser.loadCucumberFeatures(CucumberParser.java:117)
	... 57 more
[pool-2-thread-1] WARN net.thucydides.core.requirements.RequirementsTagProvider - Failed to load requirements: gherkin.ParserException$CompositeParserException: Parser errors:
(11:3): expected: #TagLine, #ScenarioLine, #ScenarioOutlineLine, #Comment, #Empty, got 'Background:'
(12:5): expected: #TagLine, #ScenarioLine, #ScenarioOutlineLine, #Comment, #Empty, got 'Given Que Viviana quiere abrir la aplicacion para iniciar sesion'
net.serenitybdd.core.exceptions.SerenityManagedException: gherkin.ParserException$CompositeParserException: Parser errors:
(11:3): expected: #TagLine, #ScenarioLine, #ScenarioOutlineLine, #Comment, #Empty, got 'Background:'
(12:5): expected: #TagLine, #ScenarioLine, #ScenarioOutlineLine, #Comment, #Empty, got 'Given Que Viviana quiere abrir la aplicacion para iniciar sesion'
	at net.thucydides.core.requirements.model.cucumber.CucumberParser.loadCucumberFeatures(CucumberParser.java:119)
	at net.thucydides.core.requirements.model.cucumber.CucumberParser.loadFeature(CucumberParser.java:72)
	at net.thucydides.core.requirements.model.cucumber.CucumberParser.loadFeatureNarrative(CucumberParser.java:134)
	at net.thucydides.core.requirements.FileSystemRequirementsTagProvider.loadFromFeatureFile(FileSystemRequirementsTagProvider.java:611)
	at net.thucydides.core.requirements.FileSystemRequirementsTagProvider.readRequirementsFromStoryOrFeatureFile(FileSystemRequirementsTagProvider.java:564)
	at java.util.stream.ReferencePipeline$3$1.accept(ReferencePipeline.java:193)
	at java.util.Spliterators$ArraySpliterator.forEachRemaining(Spliterators.java:948)
	at java.util.stream.AbstractPipeline.copyInto(AbstractPipeline.java:482)
	at java.util.stream.AbstractPipeline.wrapAndCopyInto(AbstractPipeline.java:472)
	at java.util.stream.ForEachOps$ForEachOp.evaluateSequential(ForEachOps.java:151)
	at java.util.stream.ForEachOps$ForEachOp$OfRef.evaluateSequential(ForEachOps.java:174)
	at java.util.stream.AbstractPipeline.evaluate(AbstractPipeline.java:234)
	at java.util.stream.ReferencePipeline.forEach(ReferencePipeline.java:418)
	at net.thucydides.core.requirements.FileSystemRequirementsTagProvider.capabilitiesAndStoriesIn(FileSystemRequirementsTagProvider.java:196)
	at java.util.stream.ReferencePipeline$3$1.accept(ReferencePipeline.java:193)
	at java.util.HashMap$KeySpliterator.forEachRemaining(HashMap.java:1556)
	at java.util.stream.AbstractPipeline.copyInto(AbstractPipeline.java:482)
	at java.util.stream.AbstractPipeline.wrapAndCopyInto(AbstractPipeline.java:472)
	at java.util.stream.ReduceOps$ReduceOp.evaluateSequential(ReduceOps.java:708)
	at java.util.stream.AbstractPipeline.evaluate(AbstractPipeline.java:234)
	at java.util.stream.ReferencePipeline.collect(ReferencePipeline.java:499)
	at net.thucydides.core.requirements.FileSystemRequirementsTagProvider.getRequirements(FileSystemRequirementsTagProvider.java:178)
	at net.thucydides.core.requirements.FileSystemRequirementsTagProvider.readChildrenFrom(FileSystemRequirementsTagProvider.java:726)
	at net.thucydides.core.requirements.FileSystemRequirementsTagProvider.requirementFromDirectoryName(FileSystemRequirementsTagProvider.java:635)
	at net.thucydides.core.requirements.FileSystemRequirementsTagProvider.readRequirementFrom(FileSystemRequirementsTagProvider.java:557)
	at java.util.stream.ReferencePipeline$3$1.accept(ReferencePipeline.java:193)
	at java.util.Spliterators$ArraySpliterator.forEachRemaining(Spliterators.java:948)
	at java.util.stream.AbstractPipeline.copyInto(AbstractPipeline.java:482)
	at java.util.stream.AbstractPipeline.wrapAndCopyInto(AbstractPipeline.java:472)
	at java.util.stream.ForEachOps$ForEachOp.evaluateSequential(ForEachOps.java:151)
	at java.util.stream.ForEachOps$ForEachOp$OfRef.evaluateSequential(ForEachOps.java:174)
	at java.util.stream.AbstractPipeline.evaluate(AbstractPipeline.java:234)
	at java.util.stream.ReferencePipeline.forEach(ReferencePipeline.java:418)
	at net.thucydides.core.requirements.FileSystemRequirementsTagProvider.capabilitiesAndStoriesIn(FileSystemRequirementsTagProvider.java:192)
	at java.util.stream.ReferencePipeline$3$1.accept(ReferencePipeline.java:193)
	at java.util.HashMap$KeySpliterator.forEachRemaining(HashMap.java:1556)
	at java.util.stream.AbstractPipeline.copyInto(AbstractPipeline.java:482)
	at java.util.stream.AbstractPipeline.wrapAndCopyInto(AbstractPipeline.java:472)
	at java.util.stream.ReduceOps$ReduceOp.evaluateSequential(ReduceOps.java:708)
	at java.util.stream.AbstractPipeline.evaluate(AbstractPipeline.java:234)
	at java.util.stream.ReferencePipeline.collect(ReferencePipeline.java:499)
	at net.thucydides.core.requirements.FileSystemRequirementsTagProvider.getRequirements(FileSystemRequirementsTagProvider.java:178)
	at net.thucydides.core.requirements.FileSystemRequirementsTagProvider.lastRequirementFrom(FileSystemRequirementsTagProvider.java:460)
	at net.thucydides.core.requirements.FileSystemRequirementsTagProvider.parentRequirementFromPackagePath(FileSystemRequirementsTagProvider.java:353)
	at net.thucydides.core.requirements.FileSystemRequirementsTagProvider.getParentRequirementOf(FileSystemRequirementsTagProvider.java:338)
	at net.thucydides.core.requirements.ParentRequirementsProvided.forOutcome(ParentRequirementsProvided.java:26)
	at net.thucydides.core.requirements.BaseRequirementsService.getParentRequirementOf(BaseRequirementsService.java:138)
	at net.thucydides.core.requirements.BaseRequirementsService.getAncestorRequirementsFor(BaseRequirementsService.java:78)
	at net.thucydides.core.reports.html.HtmlAcceptanceTestReporter.addBreadcrumbs(HtmlAcceptanceTestReporter.java:201)
	at net.thucydides.core.reports.html.HtmlAcceptanceTestReporter.addParentRequirmentFieldToContext(HtmlAcceptanceTestReporter.java:189)
	at net.thucydides.core.reports.html.HtmlAcceptanceTestReporter.addTestOutcomeToContext(HtmlAcceptanceTestReporter.java:165)
	at net.thucydides.core.reports.html.HtmlAcceptanceTestReporter.generateReportFor(HtmlAcceptanceTestReporter.java:107)
	at net.thucydides.core.reports.ReportService.generateReportFor(ReportService.java:239)
	at net.thucydides.core.reports.ReportService.lambda$generateReportsFor$0(ReportService.java:177)
	at java.util.concurrent.Executors$RunnableAdapter.call(Executors.java:511)
	at java.util.concurrent.FutureTask.run(FutureTask.java:266)
	at java.util.concurrent.ThreadPoolExecutor.runWorker(ThreadPoolExecutor.java:1149)
	at java.util.concurrent.ThreadPoolExecutor$Worker.run(ThreadPoolExecutor.java:624)
	at java.lang.Thread.run(Thread.java:748)
Caused by: gherkin.ParserException$CompositeParserException: Parser errors:
(11:3): expected: #TagLine, #ScenarioLine, #ScenarioOutlineLine, #Comment, #Empty, got 'Background:'
(12:5): expected: #TagLine, #ScenarioLine, #ScenarioOutlineLine, #Comment, #Empty, got 'Given Que Viviana quiere abrir la aplicacion para iniciar sesion'
	at gherkin.Parser.parse(Parser.java:143)
	at gherkin.Parser.parse(Parser.java:118)
	at gherkin.Parser.parse(Parser.java:114)
	at cucumber.runtime.FeatureBuilder.parse(FeatureBuilder.java:56)
	at cucumber.runtime.model.CucumberFeature.loadFromFeaturePath(CucumberFeature.java:113)
	at cucumber.runtime.model.CucumberFeature.load(CucumberFeature.java:49)
	at sun.reflect.NativeMethodAccessorImpl.invoke0(Native Method)
	at sun.reflect.NativeMethodAccessorImpl.invoke(NativeMethodAccessorImpl.java:62)
	at sun.reflect.DelegatingMethodAccessorImpl.invoke(DelegatingMethodAccessorImpl.java:43)
	at java.lang.reflect.Method.invoke(Method.java:498)
	at net.thucydides.core.requirements.model.cucumber.CucumberParser.loadCucumberFeatures(CucumberParser.java:117)
	... 58 more
[pool-2-thread-1] WARN net.thucydides.core.requirements.RequirementsTagProvider - Failed to load requirements: gherkin.ParserException$CompositeParserException: Parser errors:
(11:3): expected: #TagLine, #ScenarioLine, #ScenarioOutlineLine, #Comment, #Empty, got 'Background:'
(12:5): expected: #TagLine, #ScenarioLine, #ScenarioOutlineLine, #Comment, #Empty, got 'Given Que Viviana quiere abrir la aplicacion para iniciar sesion'
net.serenitybdd.core.exceptions.SerenityManagedException: gherkin.ParserException$CompositeParserException: Parser errors:
(11:3): expected: #TagLine, #ScenarioLine, #ScenarioOutlineLine, #Comment, #Empty, got 'Background:'
(12:5): expected: #TagLine, #ScenarioLine, #ScenarioOutlineLine, #Comment, #Empty, got 'Given Que Viviana quiere abrir la aplicacion para iniciar sesion'
	at net.thucydides.core.requirements.model.cucumber.CucumberParser.loadCucumberFeatures(CucumberParser.java:119)
	at net.thucydides.core.requirements.model.cucumber.CucumberParser.loadFeature(CucumberParser.java:72)
	at net.thucydides.core.requirements.model.cucumber.CucumberParser.loadFeatureNarrative(CucumberParser.java:134)
	at net.thucydides.core.requirements.FileSystemRequirementsTagProvider.loadFromFeatureFile(FileSystemRequirementsTagProvider.java:611)
	at net.thucydides.core.requirements.FileSystemRequirementsTagProvider.readRequirementsFromStoryOrFeatureFile(FileSystemRequirementsTagProvider.java:564)
	at java.util.stream.ReferencePipeline$3$1.accept(ReferencePipeline.java:193)
	at java.util.Spliterators$ArraySpliterator.forEachRemaining(Spliterators.java:948)
	at java.util.stream.AbstractPipeline.copyInto(AbstractPipeline.java:482)
	at java.util.stream.AbstractPipeline.wrapAndCopyInto(AbstractPipeline.java:472)
	at java.util.stream.ForEachOps$ForEachOp.evaluateSequential(ForEachOps.java:151)
	at java.util.stream.ForEachOps$ForEachOp$OfRef.evaluateSequential(ForEachOps.java:174)
	at java.util.stream.AbstractPipeline.evaluate(AbstractPipeline.java:234)
	at java.util.stream.ReferencePipeline.forEach(ReferencePipeline.java:418)
	at net.thucydides.core.requirements.FileSystemRequirementsTagProvider.capabilitiesAndStoriesIn(FileSystemRequirementsTagProvider.java:196)
	at java.util.stream.ReferencePipeline$3$1.accept(ReferencePipeline.java:193)
	at java.util.HashMap$KeySpliterator.forEachRemaining(HashMap.java:1556)
	at java.util.stream.AbstractPipeline.copyInto(AbstractPipeline.java:482)
	at java.util.stream.AbstractPipeline.wrapAndCopyInto(AbstractPipeline.java:472)
	at java.util.stream.ReduceOps$ReduceOp.evaluateSequential(ReduceOps.java:708)
	at java.util.stream.AbstractPipeline.evaluate(AbstractPipeline.java:234)
	at java.util.stream.ReferencePipeline.collect(ReferencePipeline.java:499)
	at net.thucydides.core.requirements.FileSystemRequirementsTagProvider.getRequirements(FileSystemRequirementsTagProvider.java:178)
	at net.thucydides.core.requirements.FileSystemRequirementsTagProvider.readChildrenFrom(FileSystemRequirementsTagProvider.java:726)
	at net.thucydides.core.requirements.FileSystemRequirementsTagProvider.requirementFromDirectoryName(FileSystemRequirementsTagProvider.java:635)
	at net.thucydides.core.requirements.FileSystemRequirementsTagProvider.readRequirementFrom(FileSystemRequirementsTagProvider.java:557)
	at java.util.stream.ReferencePipeline$3$1.accept(ReferencePipeline.java:193)
	at java.util.Spliterators$ArraySpliterator.forEachRemaining(Spliterators.java:948)
	at java.util.stream.AbstractPipeline.copyInto(AbstractPipeline.java:482)
	at java.util.stream.AbstractPipeline.wrapAndCopyInto(AbstractPipeline.java:472)
	at java.util.stream.ForEachOps$ForEachOp.evaluateSequential(ForEachOps.java:151)
	at java.util.stream.ForEachOps$ForEachOp$OfRef.evaluateSequential(ForEachOps.java:174)
	at java.util.stream.AbstractPipeline.evaluate(AbstractPipeline.java:234)
	at java.util.stream.ReferencePipeline.forEach(ReferencePipeline.java:418)
	at net.thucydides.core.requirements.FileSystemRequirementsTagProvider.capabilitiesAndStoriesIn(FileSystemRequirementsTagProvider.java:192)
	at java.util.stream.ReferencePipeline$3$1.accept(ReferencePipeline.java:193)
	at java.util.HashMap$KeySpliterator.forEachRemaining(HashMap.java:1556)
	at java.util.stream.AbstractPipeline.copyInto(AbstractPipeline.java:482)
	at java.util.stream.AbstractPipeline.wrapAndCopyInto(AbstractPipeline.java:472)
	at java.util.stream.ReduceOps$ReduceOp.evaluateSequential(ReduceOps.java:708)
	at java.util.stream.AbstractPipeline.evaluate(AbstractPipeline.java:234)
	at java.util.stream.ReferencePipeline.collect(ReferencePipeline.java:499)
	at net.thucydides.core.requirements.FileSystemRequirementsTagProvider.getRequirements(FileSystemRequirementsTagProvider.java:178)
	at net.thucydides.core.requirements.FileSystemRequirementsTagProvider.lastRequirementFrom(FileSystemRequirementsTagProvider.java:460)
	at net.thucydides.core.requirements.FileSystemRequirementsTagProvider.parentRequirementFromPackagePath(FileSystemRequirementsTagProvider.java:353)
	at net.thucydides.core.requirements.FileSystemRequirementsTagProvider.getParentRequirementOf(FileSystemRequirementsTagProvider.java:338)
	at net.thucydides.core.requirements.ParentRequirementsProvided.forOutcome(ParentRequirementsProvided.java:26)
	at net.thucydides.core.requirements.BaseRequirementsService.getParentRequirementOf(BaseRequirementsService.java:138)
	at net.thucydides.core.requirements.BaseRequirementsService.getAncestorRequirementsFor(BaseRequirementsService.java:78)
	at net.thucydides.core.tags.BreadcrumbTagFilter.getRequirementBreadcrumbsFrom(BreadcrumbTagFilter.java:51)
	at net.thucydides.core.reports.html.HtmlAcceptanceTestReporter.addBreadcrumbs(HtmlAcceptanceTestReporter.java:202)
	at net.thucydides.core.reports.html.HtmlAcceptanceTestReporter.addParentRequirmentFieldToContext(HtmlAcceptanceTestReporter.java:189)
	at net.thucydides.core.reports.html.HtmlAcceptanceTestReporter.addTestOutcomeToContext(HtmlAcceptanceTestReporter.java:165)
	at net.thucydides.core.reports.html.HtmlAcceptanceTestReporter.generateReportFor(HtmlAcceptanceTestReporter.java:107)
	at net.thucydides.core.reports.ReportService.generateReportFor(ReportService.java:239)
	at net.thucydides.core.reports.ReportService.lambda$generateReportsFor$0(ReportService.java:177)
	at java.util.concurrent.Executors$RunnableAdapter.call(Executors.java:511)
	at java.util.concurrent.FutureTask.run(FutureTask.java:266)
	at java.util.concurrent.ThreadPoolExecutor.runWorker(ThreadPoolExecutor.java:1149)
	at java.util.concurrent.ThreadPoolExecutor$Worker.run(ThreadPoolExecutor.java:624)
	at java.lang.Thread.run(Thread.java:748)
Caused by: gherkin.ParserException$CompositeParserException: Parser errors:
(11:3): expected: #TagLine, #ScenarioLine, #ScenarioOutlineLine, #Comment, #Empty, got 'Background:'
(12:5): expected: #TagLine, #ScenarioLine, #ScenarioOutlineLine, #Comment, #Empty, got 'Given Que Viviana quiere abrir la aplicacion para iniciar sesion'
	at gherkin.Parser.parse(Parser.java:143)
	at gherkin.Parser.parse(Parser.java:118)
	at gherkin.Parser.parse(Parser.java:114)
	at cucumber.runtime.FeatureBuilder.parse(FeatureBuilder.java:56)
	at cucumber.runtime.model.CucumberFeature.loadFromFeaturePath(CucumberFeature.java:113)
	at cucumber.runtime.model.CucumberFeature.load(CucumberFeature.java:49)
	at sun.reflect.NativeMethodAccessorImpl.invoke0(Native Method)
	at sun.reflect.NativeMethodAccessorImpl.invoke(NativeMethodAccessorImpl.java:62)
	at sun.reflect.DelegatingMethodAccessorImpl.invoke(DelegatingMethodAccessorImpl.java:43)
	at java.lang.reflect.Method.invoke(Method.java:498)
	at net.thucydides.core.requirements.model.cucumber.CucumberParser.loadCucumberFeatures(CucumberParser.java:117)
	... 59 more
[pool-2-thread-1] WARN net.thucydides.core.requirements.RequirementsTagProvider - Failed to load requirements: gherkin.ParserException$CompositeParserException: Parser errors:
(11:3): expected: #TagLine, #ScenarioLine, #ScenarioOutlineLine, #Comment, #Empty, got 'Background:'
(12:5): expected: #TagLine, #ScenarioLine, #ScenarioOutlineLine, #Comment, #Empty, got 'Given Que Viviana quiere abrir la aplicacion para iniciar sesion'
net.serenitybdd.core.exceptions.SerenityManagedException: gherkin.ParserException$CompositeParserException: Parser errors:
(11:3): expected: #TagLine, #ScenarioLine, #ScenarioOutlineLine, #Comment, #Empty, got 'Background:'
(12:5): expected: #TagLine, #ScenarioLine, #ScenarioOutlineLine, #Comment, #Empty, got 'Given Que Viviana quiere abrir la aplicacion para iniciar sesion'
	at net.thucydides.core.requirements.model.cucumber.CucumberParser.loadCucumberFeatures(CucumberParser.java:119)
	at net.thucydides.core.requirements.model.cucumber.CucumberParser.loadFeature(CucumberParser.java:72)
	at net.thucydides.core.requirements.model.cucumber.CucumberParser.loadFeatureNarrative(CucumberParser.java:134)
	at net.thucydides.core.requirements.FileSystemRequirementsTagProvider.loadFromFeatureFile(FileSystemRequirementsTagProvider.java:611)
	at net.thucydides.core.requirements.FileSystemRequirementsTagProvider.readRequirementsFromStoryOrFeatureFile(FileSystemRequirementsTagProvider.java:564)
	at java.util.stream.ReferencePipeline$3$1.accept(ReferencePipeline.java:193)
	at java.util.Spliterators$ArraySpliterator.forEachRemaining(Spliterators.java:948)
	at java.util.stream.AbstractPipeline.copyInto(AbstractPipeline.java:482)
	at java.util.stream.AbstractPipeline.wrapAndCopyInto(AbstractPipeline.java:472)
	at java.util.stream.ForEachOps$ForEachOp.evaluateSequential(ForEachOps.java:151)
	at java.util.stream.ForEachOps$ForEachOp$OfRef.evaluateSequential(ForEachOps.java:174)
	at java.util.stream.AbstractPipeline.evaluate(AbstractPipeline.java:234)
	at java.util.stream.ReferencePipeline.forEach(ReferencePipeline.java:418)
	at net.thucydides.core.requirements.FileSystemRequirementsTagProvider.capabilitiesAndStoriesIn(FileSystemRequirementsTagProvider.java:196)
	at java.util.stream.ReferencePipeline$3$1.accept(ReferencePipeline.java:193)
	at java.util.HashMap$KeySpliterator.forEachRemaining(HashMap.java:1556)
	at java.util.stream.AbstractPipeline.copyInto(AbstractPipeline.java:482)
	at java.util.stream.AbstractPipeline.wrapAndCopyInto(AbstractPipeline.java:472)
	at java.util.stream.ReduceOps$ReduceOp.evaluateSequential(ReduceOps.java:708)
	at java.util.stream.AbstractPipeline.evaluate(AbstractPipeline.java:234)
	at java.util.stream.ReferencePipeline.collect(ReferencePipeline.java:499)
	at net.thucydides.core.requirements.FileSystemRequirementsTagProvider.getRequirements(FileSystemRequirementsTagProvider.java:178)
	at net.thucydides.core.requirements.FileSystemRequirementsTagProvider.readChildrenFrom(FileSystemRequirementsTagProvider.java:726)
	at net.thucydides.core.requirements.FileSystemRequirementsTagProvider.requirementFromDirectoryName(FileSystemRequirementsTagProvider.java:635)
	at net.thucydides.core.requirements.FileSystemRequirementsTagProvider.readRequirementFrom(FileSystemRequirementsTagProvider.java:557)
	at java.util.stream.ReferencePipeline$3$1.accept(ReferencePipeline.java:193)
	at java.util.Spliterators$ArraySpliterator.forEachRemaining(Spliterators.java:948)
	at java.util.stream.AbstractPipeline.copyInto(AbstractPipeline.java:482)
	at java.util.stream.AbstractPipeline.wrapAndCopyInto(AbstractPipeline.java:472)
	at java.util.stream.ForEachOps$ForEachOp.evaluateSequential(ForEachOps.java:151)
	at java.util.stream.ForEachOps$ForEachOp$OfRef.evaluateSequential(ForEachOps.java:174)
	at java.util.stream.AbstractPipeline.evaluate(AbstractPipeline.java:234)
	at java.util.stream.ReferencePipeline.forEach(ReferencePipeline.java:418)
	at net.thucydides.core.requirements.FileSystemRequirementsTagProvider.capabilitiesAndStoriesIn(FileSystemRequirementsTagProvider.java:192)
	at java.util.stream.ReferencePipeline$3$1.accept(ReferencePipeline.java:193)
	at java.util.HashMap$KeySpliterator.forEachRemaining(HashMap.java:1556)
	at java.util.stream.AbstractPipeline.copyInto(AbstractPipeline.java:482)
	at java.util.stream.AbstractPipeline.wrapAndCopyInto(AbstractPipeline.java:472)
	at java.util.stream.ReduceOps$ReduceOp.evaluateSequential(ReduceOps.java:708)
	at java.util.stream.AbstractPipeline.evaluate(AbstractPipeline.java:234)
	at java.util.stream.ReferencePipeline.collect(ReferencePipeline.java:499)
	at net.thucydides.core.requirements.FileSystemRequirementsTagProvider.getRequirements(FileSystemRequirementsTagProvider.java:178)
	at net.thucydides.core.requirements.RequirementsProvided.by(RequirementsProvided.java:15)
	at net.thucydides.core.requirements.MultiSourceRequirementsService.getRequirements(MultiSourceRequirementsService.java:40)
	at net.thucydides.core.requirements.BaseRequirementsService.getRequirementTypes(BaseRequirementsService.java:197)
	at net.thucydides.core.reports.html.TagFilter.removeHiddenTagsFrom(TagFilter.java:107)
	at net.thucydides.core.reports.html.HtmlAcceptanceTestReporter.addTags(HtmlAcceptanceTestReporter.java:196)
	at net.thucydides.core.reports.html.HtmlAcceptanceTestReporter.addParentRequirmentFieldToContext(HtmlAcceptanceTestReporter.java:190)
	at net.thucydides.core.reports.html.HtmlAcceptanceTestReporter.addTestOutcomeToContext(HtmlAcceptanceTestReporter.java:165)
	at net.thucydides.core.reports.html.HtmlAcceptanceTestReporter.generateReportFor(HtmlAcceptanceTestReporter.java:107)
	at net.thucydides.core.reports.ReportService.generateReportFor(ReportService.java:239)
	at net.thucydides.core.reports.ReportService.lambda$generateReportsFor$0(ReportService.java:177)
	at java.util.concurrent.Executors$RunnableAdapter.call(Executors.java:511)
	at java.util.concurrent.FutureTask.run(FutureTask.java:266)
	at java.util.concurrent.ThreadPoolExecutor.runWorker(ThreadPoolExecutor.java:1149)
	at java.util.concurrent.ThreadPoolExecutor$Worker.run(ThreadPoolExecutor.java:624)
	at java.lang.Thread.run(Thread.java:748)
Caused by: gherkin.ParserException$CompositeParserException: Parser errors:
(11:3): expected: #TagLine, #ScenarioLine, #ScenarioOutlineLine, #Comment, #Empty, got 'Background:'
(12:5): expected: #TagLine, #ScenarioLine, #ScenarioOutlineLine, #Comment, #Empty, got 'Given Que Viviana quiere abrir la aplicacion para iniciar sesion'
	at gherkin.Parser.parse(Parser.java:143)
	at gherkin.Parser.parse(Parser.java:118)
	at gherkin.Parser.parse(Parser.java:114)
	at cucumber.runtime.FeatureBuilder.parse(FeatureBuilder.java:56)
	at cucumber.runtime.model.CucumberFeature.loadFromFeaturePath(CucumberFeature.java:113)
	at cucumber.runtime.model.CucumberFeature.load(CucumberFeature.java:49)
	at sun.reflect.GeneratedMethodAccessor11.invoke(Unknown Source)
	at sun.reflect.DelegatingMethodAccessorImpl.invoke(DelegatingMethodAccessorImpl.java:43)
	at java.lang.reflect.Method.invoke(Method.java:498)
	at net.thucydides.core.requirements.model.cucumber.CucumberParser.loadCucumberFeatures(CucumberParser.java:117)
	... 56 more
[pool-2-thread-1] WARN net.thucydides.core.requirements.RequirementsTagProvider - Failed to load requirements: gherkin.ParserException$CompositeParserException: Parser errors:
(11:3): expected: #TagLine, #ScenarioLine, #ScenarioOutlineLine, #Comment, #Empty, got 'Background:'
(12:5): expected: #TagLine, #ScenarioLine, #ScenarioOutlineLine, #Comment, #Empty, got 'Given Que Viviana quiere abrir la aplicacion para iniciar sesion'
net.serenitybdd.core.exceptions.SerenityManagedException: gherkin.ParserException$CompositeParserException: Parser errors:
(11:3): expected: #TagLine, #ScenarioLine, #ScenarioOutlineLine, #Comment, #Empty, got 'Background:'
(12:5): expected: #TagLine, #ScenarioLine, #ScenarioOutlineLine, #Comment, #Empty, got 'Given Que Viviana quiere abrir la aplicacion para iniciar sesion'
	at net.thucydides.core.requirements.model.cucumber.CucumberParser.loadCucumberFeatures(CucumberParser.java:119)
	at net.thucydides.core.requirements.model.cucumber.CucumberParser.loadFeature(CucumberParser.java:72)
	at net.thucydides.core.requirements.model.cucumber.CucumberParser.loadFeatureNarrative(CucumberParser.java:134)
	at net.thucydides.core.requirements.FileSystemRequirementsTagProvider.loadFromFeatureFile(FileSystemRequirementsTagProvider.java:611)
	at net.thucydides.core.requirements.FileSystemRequirementsTagProvider.readRequirementsFromStoryOrFeatureFile(FileSystemRequirementsTagProvider.java:564)
	at java.util.stream.ReferencePipeline$3$1.accept(ReferencePipeline.java:193)
	at java.util.Spliterators$ArraySpliterator.forEachRemaining(Spliterators.java:948)
	at java.util.stream.AbstractPipeline.copyInto(AbstractPipeline.java:482)
	at java.util.stream.AbstractPipeline.wrapAndCopyInto(AbstractPipeline.java:472)
	at java.util.stream.ForEachOps$ForEachOp.evaluateSequential(ForEachOps.java:151)
	at java.util.stream.ForEachOps$ForEachOp$OfRef.evaluateSequential(ForEachOps.java:174)
	at java.util.stream.AbstractPipeline.evaluate(AbstractPipeline.java:234)
	at java.util.stream.ReferencePipeline.forEach(ReferencePipeline.java:418)
	at net.thucydides.core.requirements.FileSystemRequirementsTagProvider.capabilitiesAndStoriesIn(FileSystemRequirementsTagProvider.java:196)
	at java.util.stream.ReferencePipeline$3$1.accept(ReferencePipeline.java:193)
	at java.util.HashMap$KeySpliterator.forEachRemaining(HashMap.java:1556)
	at java.util.stream.AbstractPipeline.copyInto(AbstractPipeline.java:482)
	at java.util.stream.AbstractPipeline.wrapAndCopyInto(AbstractPipeline.java:472)
	at java.util.stream.ReduceOps$ReduceOp.evaluateSequential(ReduceOps.java:708)
	at java.util.stream.AbstractPipeline.evaluate(AbstractPipeline.java:234)
	at java.util.stream.ReferencePipeline.collect(ReferencePipeline.java:499)
	at net.thucydides.core.requirements.FileSystemRequirementsTagProvider.getRequirements(FileSystemRequirementsTagProvider.java:178)
	at net.thucydides.core.requirements.FileSystemRequirementsTagProvider.readChildrenFrom(FileSystemRequirementsTagProvider.java:726)
	at net.thucydides.core.requirements.FileSystemRequirementsTagProvider.requirementFromDirectoryName(FileSystemRequirementsTagProvider.java:635)
	at net.thucydides.core.requirements.FileSystemRequirementsTagProvider.readRequirementFrom(FileSystemRequirementsTagProvider.java:557)
	at java.util.stream.ReferencePipeline$3$1.accept(ReferencePipeline.java:193)
	at java.util.Spliterators$ArraySpliterator.forEachRemaining(Spliterators.java:948)
	at java.util.stream.AbstractPipeline.copyInto(AbstractPipeline.java:482)
	at java.util.stream.AbstractPipeline.wrapAndCopyInto(AbstractPipeline.java:472)
	at java.util.stream.ForEachOps$ForEachOp.evaluateSequential(ForEachOps.java:151)
	at java.util.stream.ForEachOps$ForEachOp$OfRef.evaluateSequential(ForEachOps.java:174)
	at java.util.stream.AbstractPipeline.evaluate(AbstractPipeline.java:234)
	at java.util.stream.ReferencePipeline.forEach(ReferencePipeline.java:418)
	at net.thucydides.core.requirements.FileSystemRequirementsTagProvider.capabilitiesAndStoriesIn(FileSystemRequirementsTagProvider.java:192)
	at java.util.stream.ReferencePipeline$3$1.accept(ReferencePipeline.java:193)
	at java.util.HashMap$KeySpliterator.forEachRemaining(HashMap.java:1556)
	at java.util.stream.AbstractPipeline.copyInto(AbstractPipeline.java:482)
	at java.util.stream.AbstractPipeline.wrapAndCopyInto(AbstractPipeline.java:472)
	at java.util.stream.ReduceOps$ReduceOp.evaluateSequential(ReduceOps.java:708)
	at java.util.stream.AbstractPipeline.evaluate(AbstractPipeline.java:234)
	at java.util.stream.ReferencePipeline.collect(ReferencePipeline.java:499)
	at net.thucydides.core.requirements.FileSystemRequirementsTagProvider.getRequirements(FileSystemRequirementsTagProvider.java:178)
	at net.thucydides.core.requirements.RequirementsProvided.by(RequirementsProvided.java:15)
	at net.thucydides.core.requirements.MultiSourceRequirementsService.getRequirements(MultiSourceRequirementsService.java:40)
	at net.thucydides.core.requirements.BaseRequirementsService.getRequirementTypes(BaseRequirementsService.java:197)
	at net.thucydides.core.requirements.BaseRequirementsService.isRequirementsTag(BaseRequirementsService.java:258)
	at net.thucydides.core.reports.html.ReportNameProvider.forRequirementOrTag(ReportNameProvider.java:123)
	at sun.reflect.NativeMethodAccessorImpl.invoke0(Native Method)
	at sun.reflect.NativeMethodAccessorImpl.invoke(NativeMethodAccessorImpl.java:62)
	at sun.reflect.DelegatingMethodAccessorImpl.invoke(DelegatingMethodAccessorImpl.java:43)
	at java.lang.reflect.Method.invoke(Method.java:498)
	at freemarker.ext.beans.BeansWrapper.invokeMethod(BeansWrapper.java:1505)
	at freemarker.ext.beans.SimpleMethodModel.exec(SimpleMethodModel.java:72)
	at freemarker.core.MethodCall._eval(MethodCall.java:62)
	at freemarker.core.Expression.eval(Expression.java:101)
	at freemarker.core.Assignment.accept(Assignment.java:134)
	at freemarker.core.Environment.visit(Environment.java:367)
	at freemarker.core.IteratorBlock$IterationContext.executedNestedContentForCollOrSeqListing(IteratorBlock.java:321)
	at freemarker.core.IteratorBlock$IterationContext.executeNestedContent(IteratorBlock.java:271)
	at freemarker.core.IteratorBlock$IterationContext.accept(IteratorBlock.java:244)
	at freemarker.core.Environment.visitIteratorBlock(Environment.java:643)
	at freemarker.core.IteratorBlock.acceptWithResult(IteratorBlock.java:108)
	at freemarker.core.IteratorBlock.accept(IteratorBlock.java:94)
	at freemarker.core.Environment.visit(Environment.java:331)
	at freemarker.core.Environment.visit(Environment.java:337)
	at freemarker.core.Environment.process(Environment.java:310)
	at net.thucydides.core.reports.templates.FreemarkerReportTemplate.merge(FreemarkerReportTemplate.java:39)
	at net.thucydides.core.reports.html.Merger$MergeBuilder.to(Merger.java:37)
	at net.thucydides.core.reports.html.HtmlAcceptanceTestReporter.generateReportPage(HtmlAcceptanceTestReporter.java:139)
	at net.thucydides.core.reports.html.HtmlAcceptanceTestReporter.generateReportFor(HtmlAcceptanceTestReporter.java:125)
	at net.thucydides.core.reports.ReportService.generateReportFor(ReportService.java:239)
	at net.thucydides.core.reports.ReportService.lambda$generateReportsFor$0(ReportService.java:177)
	at java.util.concurrent.Executors$RunnableAdapter.call(Executors.java:511)
	at java.util.concurrent.FutureTask.run(FutureTask.java:266)
	at java.util.concurrent.ThreadPoolExecutor.runWorker(ThreadPoolExecutor.java:1149)
	at java.util.concurrent.ThreadPoolExecutor$Worker.run(ThreadPoolExecutor.java:624)
	at java.lang.Thread.run(Thread.java:748)
Caused by: gherkin.ParserException$CompositeParserException: Parser errors:
(11:3): expected: #TagLine, #ScenarioLine, #ScenarioOutlineLine, #Comment, #Empty, got 'Background:'
(12:5): expected: #TagLine, #ScenarioLine, #ScenarioOutlineLine, #Comment, #Empty, got 'Given Que Viviana quiere abrir la aplicacion para iniciar sesion'
	at gherkin.Parser.parse(Parser.java:143)
	at gherkin.Parser.parse(Parser.java:118)
	at gherkin.Parser.parse(Parser.java:114)
	at cucumber.runtime.FeatureBuilder.parse(FeatureBuilder.java:56)
	at cucumber.runtime.model.CucumberFeature.loadFromFeaturePath(CucumberFeature.java:113)
	at cucumber.runtime.model.CucumberFeature.load(CucumberFeature.java:49)
	at sun.reflect.GeneratedMethodAccessor11.invoke(Unknown Source)
	at sun.reflect.DelegatingMethodAccessorImpl.invoke(DelegatingMethodAccessorImpl.java:43)
	at java.lang.reflect.Method.invoke(Method.java:498)
	at net.thucydides.core.requirements.model.cucumber.CucumberParser.loadCucumberFeatures(CucumberParser.java:117)
	... 76 more
[pool-2-thread-1] WARN net.thucydides.core.requirements.RequirementsTagProvider - Failed to load requirements: gherkin.ParserException$CompositeParserException: Parser errors:
(11:3): expected: #TagLine, #ScenarioLine, #ScenarioOutlineLine, #Comment, #Empty, got 'Background:'
(12:5): expected: #TagLine, #ScenarioLine, #ScenarioOutlineLine, #Comment, #Empty, got 'Given Que Viviana quiere abrir la aplicacion para iniciar sesion'
net.serenitybdd.core.exceptions.SerenityManagedException: gherkin.ParserException$CompositeParserException: Parser errors:
(11:3): expected: #TagLine, #ScenarioLine, #ScenarioOutlineLine, #Comment, #Empty, got 'Background:'
(12:5): expected: #TagLine, #ScenarioLine, #ScenarioOutlineLine, #Comment, #Empty, got 'Given Que Viviana quiere abrir la aplicacion para iniciar sesion'
	at net.thucydides.core.requirements.model.cucumber.CucumberParser.loadCucumberFeatures(CucumberParser.java:119)
	at net.thucydides.core.requirements.model.cucumber.CucumberParser.loadFeature(CucumberParser.java:72)
	at net.thucydides.core.requirements.model.cucumber.CucumberParser.loadFeatureNarrative(CucumberParser.java:134)
	at net.thucydides.core.requirements.FileSystemRequirementsTagProvider.loadFromFeatureFile(FileSystemRequirementsTagProvider.java:611)
	at net.thucydides.core.requirements.FileSystemRequirementsTagProvider.readRequirementsFromStoryOrFeatureFile(FileSystemRequirementsTagProvider.java:564)
	at java.util.stream.ReferencePipeline$3$1.accept(ReferencePipeline.java:193)
	at java.util.Spliterators$ArraySpliterator.forEachRemaining(Spliterators.java:948)
	at java.util.stream.AbstractPipeline.copyInto(AbstractPipeline.java:482)
	at java.util.stream.AbstractPipeline.wrapAndCopyInto(AbstractPipeline.java:472)
	at java.util.stream.ForEachOps$ForEachOp.evaluateSequential(ForEachOps.java:151)
	at java.util.stream.ForEachOps$ForEachOp$OfRef.evaluateSequential(ForEachOps.java:174)
	at java.util.stream.AbstractPipeline.evaluate(AbstractPipeline.java:234)
	at java.util.stream.ReferencePipeline.forEach(ReferencePipeline.java:418)
	at net.thucydides.core.requirements.FileSystemRequirementsTagProvider.capabilitiesAndStoriesIn(FileSystemRequirementsTagProvider.java:196)
	at java.util.stream.ReferencePipeline$3$1.accept(ReferencePipeline.java:193)
	at java.util.HashMap$KeySpliterator.forEachRemaining(HashMap.java:1556)
	at java.util.stream.AbstractPipeline.copyInto(AbstractPipeline.java:482)
	at java.util.stream.AbstractPipeline.wrapAndCopyInto(AbstractPipeline.java:472)
	at java.util.stream.ReduceOps$ReduceOp.evaluateSequential(ReduceOps.java:708)
	at java.util.stream.AbstractPipeline.evaluate(AbstractPipeline.java:234)
	at java.util.stream.ReferencePipeline.collect(ReferencePipeline.java:499)
	at net.thucydides.core.requirements.FileSystemRequirementsTagProvider.getRequirements(FileSystemRequirementsTagProvider.java:178)
	at net.thucydides.core.requirements.FileSystemRequirementsTagProvider.readChildrenFrom(FileSystemRequirementsTagProvider.java:726)
	at net.thucydides.core.requirements.FileSystemRequirementsTagProvider.requirementFromDirectoryName(FileSystemRequirementsTagProvider.java:635)
	at net.thucydides.core.requirements.FileSystemRequirementsTagProvider.readRequirementFrom(FileSystemRequirementsTagProvider.java:557)
	at java.util.stream.ReferencePipeline$3$1.accept(ReferencePipeline.java:193)
	at java.util.Spliterators$ArraySpliterator.forEachRemaining(Spliterators.java:948)
	at java.util.stream.AbstractPipeline.copyInto(AbstractPipeline.java:482)
	at java.util.stream.AbstractPipeline.wrapAndCopyInto(AbstractPipeline.java:472)
	at java.util.stream.ForEachOps$ForEachOp.evaluateSequential(ForEachOps.java:151)
	at java.util.stream.ForEachOps$ForEachOp$OfRef.evaluateSequential(ForEachOps.java:174)
	at java.util.stream.AbstractPipeline.evaluate(AbstractPipeline.java:234)
	at java.util.stream.ReferencePipeline.forEach(ReferencePipeline.java:418)
	at net.thucydides.core.requirements.FileSystemRequirementsTagProvider.capabilitiesAndStoriesIn(FileSystemRequirementsTagProvider.java:192)
	at java.util.stream.ReferencePipeline$3$1.accept(ReferencePipeline.java:193)
	at java.util.HashMap$KeySpliterator.forEachRemaining(HashMap.java:1556)
	at java.util.stream.AbstractPipeline.copyInto(AbstractPipeline.java:482)
	at java.util.stream.AbstractPipeline.wrapAndCopyInto(AbstractPipeline.java:472)
	at java.util.stream.ReduceOps$ReduceOp.evaluateSequential(ReduceOps.java:708)
	at java.util.stream.AbstractPipeline.evaluate(AbstractPipeline.java:234)
	at java.util.stream.ReferencePipeline.collect(ReferencePipeline.java:499)
[...]
	at freemarker.core.MethodCall._eval(MethodCall.java:62)
	at freemarker.core.Expression.eval(Expression.java:101)
	at freemarker.core.Assignment.accept(Assignment.java:134)
	at freemarker.core.Environment.visit(Environment.java:367)
	at freemarker.core.IteratorBlock$IterationContext.executedNestedContentForCollOrSeqListing(IteratorBlock.java:321)
	at freemarker.core.IteratorBlock$IterationContext.executeNestedContent(IteratorBlock.java:271)
	at freemarker.core.IteratorBlock$IterationContext.accept(IteratorBlock.java:244)
	at freemarker.core.Environment.visitIteratorBlock(Environment.java:643)
	at freemarker.core.IteratorBlock.acceptWithResult(IteratorBlock.java:108)
	at freemarker.core.IteratorBlock.accept(IteratorBlock.java:94)
	at freemarker.core.Environment.visit(Environment.java:331)
	at freemarker.core.Environment.visit(Environment.java:337)
	at freemarker.core.Environment.process(Environment.java:310)
	at net.thucydides.core.reports.templates.FreemarkerReportTemplate.merge(FreemarkerReportTemplate.java:39)
	at net.thucydides.core.reports.html.Merger$MergeBuilder.to(Merger.java:37)
	at net.thucydides.core.reports.html.HtmlAcceptanceTestReporter.generateReportPage(HtmlAcceptanceTestReporter.java:139)
	at net.thucydides.core.reports.html.HtmlAcceptanceTestReporter.generateReportFor(HtmlAcceptanceTestReporter.java:125)
	at net.thucydides.core.reports.ReportService.generateReportFor(ReportService.java:239)
	at net.thucydides.core.reports.ReportService.lambda$generateReportsFor$0(ReportService.java:177)
	at java.util.concurrent.Executors$RunnableAdapter.call(Executors.java:511)
	at java.util.concurrent.FutureTask.run(FutureTask.java:266)
	at java.util.concurrent.ThreadPoolExecutor.runWorker(ThreadPoolExecutor.java:1149)
	at java.util.concurrent.ThreadPoolExecutor$Worker.run(ThreadPoolExecutor.java:624)
	at java.lang.Thread.run(Thread.java:748)
Caused by: gherkin.ParserException$CompositeParserException: Parser errors:
(11:3): expected: #TagLine, #ScenarioLine, #ScenarioOutlineLine, #Comment, #Empty, got 'Background:'
(12:5): expected: #TagLine, #ScenarioLine, #ScenarioOutlineLine, #Comment, #Empty, got 'Given Que Viviana quiere abrir la aplicacion para iniciar sesion'
	at gherkin.Parser.parse(Parser.java:143)
	at gherkin.Parser.parse(Parser.java:118)
	at gherkin.Parser.parse(Parser.java:114)
	at cucumber.runtime.FeatureBuilder.parse(FeatureBuilder.java:56)
	at cucumber.runtime.model.CucumberFeature.loadFromFeaturePath(CucumberFeature.java:113)
	at cucumber.runtime.model.CucumberFeature.load(CucumberFeature.java:49)
	at sun.reflect.GeneratedMethodAccessor11.invoke(Unknown Source)
	at sun.reflect.DelegatingMethodAccessorImpl.invoke(DelegatingMethodAccessorImpl.java:43)
	at java.lang.reflect.Method.invoke(Method.java:498)
	at net.thucydides.core.requirements.model.cucumber.CucumberParser.loadCucumberFeatures(CucumberParser.java:117)
	... 75 more
[pool-2-thread-1] WARN net.thucydides.core.requirements.RequirementsTagProvider - Failed to load requirements: gherkin.ParserException$CompositeParserException: Parser errors:
(11:3): expected: #TagLine, #ScenarioLine, #ScenarioOutlineLine, #Comment, #Empty, got 'Background:'
(12:5): expected: #TagLine, #ScenarioLine, #ScenarioOutlineLine, #Comment, #Empty, got 'Given Que Viviana quiere abrir la aplicacion para iniciar sesion'
net.serenitybdd.core.exceptions.SerenityManagedException: gherkin.ParserException$CompositeParserException: Parser errors:
(11:3): expected: #TagLine, #ScenarioLine, #ScenarioOutlineLine, #Comment, #Empty, got 'Background:'
(12:5): expected: #TagLine, #ScenarioLine, #ScenarioOutlineLine, #Comment, #Empty, got 'Given Que Viviana quiere abrir la aplicacion para iniciar sesion'
	at net.thucydides.core.requirements.model.cucumber.CucumberParser.loadCucumberFeatures(CucumberParser.java:119)
	at net.thucydides.core.requirements.model.cucumber.CucumberParser.loadFeature(CucumberParser.java:72)
	at net.thucydides.core.requirements.model.cucumber.CucumberParser.loadFeatureNarrative(CucumberParser.java:134)
	at net.thucydides.core.requirements.FileSystemRequirementsTagProvider.loadFromFeatureFile(FileSystemRequirementsTagProvider.java:611)
	at net.thucydides.core.requirements.FileSystemRequirementsTagProvider.readRequirementsFromStoryOrFeatureFile(FileSystemRequirementsTagProvider.java:564)
	at java.util.stream.ReferencePipeline$3$1.accept(ReferencePipeline.java:193)
	at java.util.Spliterators$ArraySpliterator.forEachRemaining(Spliterators.java:948)
	at java.util.stream.AbstractPipeline.copyInto(AbstractPipeline.java:482)
	at java.util.stream.AbstractPipeline.wrapAndCopyInto(AbstractPipeline.java:472)
	at java.util.stream.ForEachOps$ForEachOp.evaluateSequential(ForEachOps.java:151)
	at java.util.stream.ForEachOps$ForEachOp$OfRef.evaluateSequential(ForEachOps.java:174)
	at java.util.stream.AbstractPipeline.evaluate(AbstractPipeline.java:234)
	at java.util.stream.ReferencePipeline.forEach(ReferencePipeline.java:418)
	at net.thucydides.core.requirements.FileSystemRequirementsTagProvider.capabilitiesAndStoriesIn(FileSystemRequirementsTagProvider.java:196)
	at java.util.stream.ReferencePipeline$3$1.accept(ReferencePipeline.java:193)
	at java.util.HashMap$KeySpliterator.forEachRemaining(HashMap.java:1556)
	at java.util.stream.AbstractPipeline.copyInto(AbstractPipeline.java:482)
	at java.util.stream.AbstractPipeline.wrapAndCopyInto(AbstractPipeline.java:472)
	at java.util.stream.ReduceOps$ReduceOp.evaluateSequential(ReduceOps.java:708)
	at java.util.stream.AbstractPipeline.evaluate(AbstractPipeline.java:234)
	at java.util.stream.ReferencePipeline.collect(ReferencePipeline.java:499)
	at net.thucydides.core.requirements.FileSystemRequirementsTagProvider.getRequirements(FileSystemRequirementsTagProvider.java:178)
	at net.thucydides.core.requirements.FileSystemRequirementsTagProvider.readChildrenFrom(FileSystemRequirementsTagProvider.java:726)
	at net.thucydides.core.requirements.FileSystemRequirementsTagProvider.requirementFromDirectoryName(FileSystemRequirementsTagProvider.java:635)
	at net.thucydides.core.requirements.FileSystemRequirementsTagProvider.readRequirementFrom(FileSystemRequirementsTagProvider.java:557)
	at java.util.stream.ReferencePipeline$3$1.accept(ReferencePipeline.java:193)
	at java.util.Spliterators$ArraySpliterator.forEachRemaining(Spliterators.java:948)
	at java.util.stream.AbstractPipeline.copyInto(AbstractPipeline.java:482)
	at java.util.stream.AbstractPipeline.wrapAndCopyInto(AbstractPipeline.java:472)
	at java.util.stream.ForEachOps$ForEachOp.evaluateSequential(ForEachOps.java:151)
	at java.util.stream.ForEachOps$ForEachOp$OfRef.evaluateSequential(ForEachOps.java:174)
	at java.util.stream.AbstractPipeline.evaluate(AbstractPipeline.java:234)
	at java.util.stream.ReferencePipeline.forEach(ReferencePipeline.java:418)
	at net.thucydides.core.requirements.FileSystemRequirementsTagProvider.capabilitiesAndStoriesIn(FileSystemRequirementsTagProvider.java:192)
	at java.util.stream.ReferencePipeline$3$1.accept(ReferencePipeline.java:193)
	at java.util.HashMap$KeySpliterator.forEachRemaining(HashMap.java:1556)
	at java.util.stream.AbstractPipeline.copyInto(AbstractPipeline.java:482)
	at java.util.stream.AbstractPipeline.wrapAndCopyInto(AbstractPipeline.java:472)
	at java.util.stream.ReduceOps$ReduceOp.evaluateSequential(ReduceOps.java:708)
	at java.util.stream.AbstractPipeline.evaluate(AbstractPipeline.java:234)
	at java.util.stream.ReferencePipeline.collect(ReferencePipeline.java:499)
	at net.thucydides.core.requirements.FileSystemRequirementsTagProvider.getRequirements(FileSystemRequirementsTagProvider.java:178)
	at net.thucydides.core.requirements.RequirementsProvided.by(RequirementsProvided.java:15)
	at net.thucydides.core.requirements.MultiSourceRequirementsService.getRequirements(MultiSourceRequirementsService.java:40)
	at net.thucydides.core.requirements.BaseRequirementsService.getRequirementTypes(BaseRequirementsService.java:197)
	at net.thucydides.core.requirements.BaseRequirementsService.isRequirementsTag(BaseRequirementsService.java:258)
	at net.thucydides.core.reports.html.ReportNameProvider.forRequirementOrTag(ReportNameProvider.java:123)
	at sun.reflect.GeneratedMethodAccessor13.invoke(Unknown Source)
	at sun.reflect.DelegatingMethodAccessorImpl.invoke(DelegatingMethodAccessorImpl.java:43)
	at java.lang.reflect.Method.invoke(Method.java:498)
	at freemarker.ext.beans.BeansWrapper.invokeMethod(BeansWrapper.java:1505)
	at freemarker.ext.beans.SimpleMethodModel.exec(SimpleMethodModel.java:72)
	at freemarker.core.MethodCall._eval(MethodCall.java:62)
	at freemarker.core.Expression.eval(Expression.java:101)
	at freemarker.core.Assignment.accept(Assignment.java:134)
	at freemarker.core.Environment.visit(Environment.java:367)
	at freemarker.core.IteratorBlock$IterationContext.executedNestedContentForCollOrSeqListing(IteratorBlock.java:321)
	at freemarker.core.IteratorBlock$IterationContext.executeNestedContent(IteratorBlock.java:271)
	at freemarker.core.IteratorBlock$IterationContext.accept(IteratorBlock.java:244)
	at freemarker.core.Environment.visitIteratorBlock(Environment.java:643)
	at freemarker.core.IteratorBlock.acceptWithResult(IteratorBlock.java:108)
	at freemarker.core.IteratorBlock.accept(IteratorBlock.java:94)
	at freemarker.core.Environment.visit(Environment.java:331)
	at freemarker.core.Environment.visit(Environment.java:337)
	at freemarker.core.Environment.process(Environment.java:310)
	at net.thucydides.core.reports.templates.FreemarkerReportTemplate.merge(FreemarkerReportTemplate.java:39)
	at net.thucydides.core.reports.html.Merger$MergeBuilder.to(Merger.java:37)
	at net.thucydides.core.reports.html.HtmlAcceptanceTestReporter.generateReportPage(HtmlAcceptanceTestReporter.java:139)
	at net.thucydides.core.reports.html.HtmlAcceptanceTestReporter.generateReportFor(HtmlAcceptanceTestReporter.java:125)
	at net.thucydides.core.reports.ReportService.generateReportFor(ReportService.java:239)
	at net.thucydides.core.reports.ReportService.lambda$generateReportsFor$0(ReportService.java:177)
	at java.util.concurrent.Executors$RunnableAdapter.call(Executors.java:511)
	at java.util.concurrent.FutureTask.run(FutureTask.java:266)
	at java.util.concurrent.ThreadPoolExecutor.runWorker(ThreadPoolExecutor.java:1149)
	at java.util.concurrent.ThreadPoolExecutor$Worker.run(ThreadPoolExecutor.java:624)
	at java.lang.Thread.run(Thread.java:748)
Caused by: gherkin.ParserException$CompositeParserException: Parser errors:
(11:3): expected: #TagLine, #ScenarioLine, #ScenarioOutlineLine, #Comment, #Empty, got 'Background:'
(12:5): expected: #TagLine, #ScenarioLine, #ScenarioOutlineLine, #Comment, #Empty, got 'Given Que Viviana quiere abrir la aplicacion para iniciar sesion'
	at gherkin.Parser.parse(Parser.java:143)
	at gherkin.Parser.parse(Parser.java:118)
	at gherkin.Parser.parse(Parser.java:114)
	at cucumber.runtime.FeatureBuilder.parse(FeatureBuilder.java:56)
	at cucumber.runtime.model.CucumberFeature.loadFromFeaturePath(CucumberFeature.java:113)
	at cucumber.runtime.model.CucumberFeature.load(CucumberFeature.java:49)
	at sun.reflect.GeneratedMethodAccessor11.invoke(Unknown Source)
	at sun.reflect.DelegatingMethodAccessorImpl.invoke(DelegatingMethodAccessorImpl.java:43)
	at java.lang.reflect.Method.invoke(Method.java:498)
	at net.thucydides.core.requirements.model.cucumber.CucumberParser.loadCucumberFeatures(CucumberParser.java:117)
	... 75 more
[pool-2-thread-1] WARN net.thucydides.core.requirements.RequirementsTagProvider - Failed to load requirements: gherkin.ParserException$CompositeParserException: Parser errors:
(11:3): expected: #TagLine, #ScenarioLine, #ScenarioOutlineLine, #Comment, #Empty, got 'Background:'
(12:5): expected: #TagLine, #ScenarioLine, #ScenarioOutlineLine, #Comment, #Empty, got 'Given Que Viviana quiere abrir la aplicacion para iniciar sesion'
net.serenitybdd.core.exceptions.SerenityManagedException: gherkin.ParserException$CompositeParserException: Parser errors:
(11:3): expected: #TagLine, #ScenarioLine, #ScenarioOutlineLine, #Comment, #Empty, got 'Background:'
(12:5): expected: #TagLine, #ScenarioLine, #ScenarioOutlineLine, #Comment, #Empty, got 'Given Que Viviana quiere abrir la aplicacion para iniciar sesion'
	at net.thucydides.core.requirements.model.cucumber.CucumberParser.loadCucumberFeatures(CucumberParser.java:119)
	at net.thucydides.core.requirements.model.cucumber.CucumberParser.loadFeature(CucumberParser.java:72)
	at net.thucydides.core.requirements.model.cucumber.CucumberParser.loadFeatureNarrative(CucumberParser.java:134)
	at net.thucydides.core.requirements.FileSystemRequirementsTagProvider.loadFromFeatureFile(FileSystemRequirementsTagProvider.java:611)
	at net.thucydides.core.requirements.FileSystemRequirementsTagProvider.readRequirementsFromStoryOrFeatureFile(FileSystemRequirementsTagProvider.java:564)
	at java.util.stream.ReferencePipeline$3$1.accept(ReferencePipeline.java:193)
	at java.util.Spliterators$ArraySpliterator.forEachRemaining(Spliterators.java:948)
	at java.util.stream.AbstractPipeline.copyInto(AbstractPipeline.java:482)
	at java.util.stream.AbstractPipeline.wrapAndCopyInto(AbstractPipeline.java:472)
	at java.util.stream.ForEachOps$ForEachOp.evaluateSequential(ForEachOps.java:151)
	at java.util.stream.ForEachOps$ForEachOp$OfRef.evaluateSequential(ForEachOps.java:174)
	at java.util.stream.AbstractPipeline.evaluate(AbstractPipeline.java:234)
	at java.util.stream.ReferencePipeline.forEach(ReferencePipeline.java:418)
	at net.thucydides.core.requirements.FileSystemRequirementsTagProvider.capabilitiesAndStoriesIn(FileSystemRequirementsTagProvider.java:196)
	at java.util.stream.ReferencePipeline$3$1.accept(ReferencePipeline.java:193)
	at java.util.HashMap$KeySpliterator.forEachRemaining(HashMap.java:1556)
	at java.util.stream.AbstractPipeline.copyInto(AbstractPipeline.java:482)
	at java.util.stream.AbstractPipeline.wrapAndCopyInto(AbstractPipeline.java:472)
	at java.util.stream.ReduceOps$ReduceOp.evaluateSequential(ReduceOps.java:708)
	at java.util.stream.AbstractPipeline.evaluate(AbstractPipeline.java:234)
	at java.util.stream.ReferencePipeline.collect(ReferencePipeline.java:499)
	at net.thucydides.core.requirements.FileSystemRequirementsTagProvider.getRequirements(FileSystemRequirementsTagProvider.java:178)
	at net.thucydides.core.requirements.FileSystemRequirementsTagProvider.readChildrenFrom(FileSystemRequirementsTagProvider.java:726)
	at net.thucydides.core.requirements.FileSystemRequirementsTagProvider.requirementFromDirectoryName(FileSystemRequirementsTagProvider.java:635)
	at net.thucydides.core.requirements.FileSystemRequirementsTagProvider.readRequirementFrom(FileSystemRequirementsTagProvider.java:557)
	at java.util.stream.ReferencePipeline$3$1.accept(ReferencePipeline.java:193)
	at java.util.Spliterators$ArraySpliterator.forEachRemaining(Spliterators.java:948)
	at java.util.stream.AbstractPipeline.copyInto(AbstractPipeline.java:482)
	at java.util.stream.AbstractPipeline.wrapAndCopyInto(AbstractPipeline.java:472)
	at java.util.stream.ForEachOps$ForEachOp.evaluateSequential(ForEachOps.java:151)
	at java.util.stream.ForEachOps$ForEachOp$OfRef.evaluateSequential(ForEachOps.java:174)
	at java.util.stream.AbstractPipeline.evaluate(AbstractPipeline.java:234)
	at java.util.stream.ReferencePipeline.forEach(ReferencePipeline.java:418)
	at net.thucydides.core.requirements.FileSystemRequirementsTagProvider.capabilitiesAndStoriesIn(FileSystemRequirementsTagProvider.java:192)
	at java.util.stream.ReferencePipeline$3$1.accept(ReferencePipeline.java:193)
	at java.util.HashMap$KeySpliterator.forEachRemaining(HashMap.java:1556)
	at java.util.stream.AbstractPipeline.copyInto(AbstractPipeline.java:482)
	at java.util.stream.AbstractPipeline.wrapAndCopyInto(AbstractPipeline.java:472)
	at java.util.stream.ReduceOps$ReduceOp.evaluateSequential(ReduceOps.java:708)
	at java.util.stream.AbstractPipeline.evaluate(AbstractPipeline.java:234)
	at java.util.stream.ReferencePipeline.collect(ReferencePipeline.java:499)
	at net.thucydides.core.requirements.FileSystemRequirementsTagProvider.getRequirements(FileSystemRequirementsTagProvider.java:178)
	at net.thucydides.core.requirements.RequirementsProvided.by(RequirementsProvided.java:15)
	at net.thucydides.core.requirements.MultiSourceRequirementsService.getRequirements(MultiSourceRequirementsService.java:40)
	at net.thucydides.core.requirements.BaseRequirementsService.getRequirementTypes(BaseRequirementsService.java:197)
	at net.thucydides.core.requirements.BaseRequirementsService.isRequirementsTag(BaseRequirementsService.java:258)
	at net.thucydides.core.reports.html.ReportNameProvider.forRequirementOrTag(ReportNameProvider.java:123)
	at sun.reflect.GeneratedMethodAccessor13.invoke(Unknown Source)
	at sun.reflect.DelegatingMethodAccessorImpl.invoke(DelegatingMethodAccessorImpl.java:43)
	at java.lang.reflect.Method.invoke(Method.java:498)
	at freemarker.ext.beans.BeansWrapper.invokeMethod(BeansWrapper.java:1505)
	at freemarker.ext.beans.SimpleMethodModel.exec(SimpleMethodModel.java:72)
	at freemarker.core.MethodCall._eval(MethodCall.java:62)
	at freemarker.core.Expression.eval(Expression.java:101)
	at freemarker.core.Assignment.accept(Assignment.java:134)
	at freemarker.core.Environment.visit(Environment.java:367)
	at freemarker.core.IteratorBlock$IterationContext.executedNestedContentForCollOrSeqListing(IteratorBlock.java:321)
	at freemarker.core.IteratorBlock$IterationContext.executeNestedContent(IteratorBlock.java:271)
	at freemarker.core.IteratorBlock$IterationContext.accept(IteratorBlock.java:244)
	at freemarker.core.Environment.visitIteratorBlock(Environment.java:643)
	at freemarker.core.IteratorBlock.acceptWithResult(IteratorBlock.java:108)
	at freemarker.core.IteratorBlock.accept(IteratorBlock.java:94)
	at freemarker.core.Environment.visit(Environment.java:331)
	at freemarker.core.Environment.visit(Environment.java:337)
	at freemarker.core.Environment.process(Environment.java:310)
	at net.thucydides.core.reports.templates.FreemarkerReportTemplate.merge(FreemarkerReportTemplate.java:39)
	at net.thucydides.core.reports.html.Merger$MergeBuilder.to(Merger.java:37)
	at net.thucydides.core.reports.html.HtmlAcceptanceTestReporter.generateReportPage(HtmlAcceptanceTestReporter.java:139)
	at net.thucydides.core.reports.html.HtmlAcceptanceTestReporter.generateReportFor(HtmlAcceptanceTestReporter.java:125)
	at net.thucydides.core.reports.ReportService.generateReportFor(ReportService.java:239)
	at net.thucydides.core.reports.ReportService.lambda$generateReportsFor$0(ReportService.java:177)
	at java.util.concurrent.Executors$RunnableAdapter.call(Executors.java:511)
	at java.util.concurrent.FutureTask.run(FutureTask.java:266)
	at java.util.concurrent.ThreadPoolExecutor.runWorker(ThreadPoolExecutor.java:1149)
	at java.util.concurrent.ThreadPoolExecutor$Worker.run(ThreadPoolExecutor.java:624)
	at java.lang.Thread.run(Thread.java:748)
Caused by: gherkin.ParserException$CompositeParserException: Parser errors:
(11:3): expected: #TagLine, #ScenarioLine, #ScenarioOutlineLine, #Comment, #Empty, got 'Background:'
(12:5): expected: #TagLine, #ScenarioLine, #ScenarioOutlineLine, #Comment, #Empty, got 'Given Que Viviana quiere abrir la aplicacion para iniciar sesion'
	at gherkin.Parser.parse(Parser.java:143)
	at gherkin.Parser.parse(Parser.java:118)
	at gherkin.Parser.parse(Parser.java:114)
	at cucumber.runtime.FeatureBuilder.parse(FeatureBuilder.java:56)
	at cucumber.runtime.model.CucumberFeature.loadFromFeaturePath(CucumberFeature.java:113)
	at cucumber.runtime.model.CucumberFeature.load(CucumberFeature.java:49)
	at sun.reflect.GeneratedMethodAccessor11.invoke(Unknown Source)
	at sun.reflect.DelegatingMethodAccessorImpl.invoke(DelegatingMethodAccessorImpl.java:43)
	at java.lang.reflect.Method.invoke(Method.java:498)
	at net.thucydides.core.requirements.model.cucumber.CucumberParser.loadCucumberFeatures(CucumberParser.java:117)
	... 75 more
]]></system-err>
</testsuite>
